---------------------------------------------------------------
[ 2020-01-02T10:11:34+08:00 ] 127.0.0.1 GET www.tp5-api.com/
[运行时间：0.065908s] [吞吐率：15.17req/s] [内存消耗：1,791.38kb] [文件加载：48]
[ info ] [ LANG ] D:\Project\xingtu_dongliuwulian\TP-vue-admin\tp5-api\Tp5-api--\thinkphp\lang\zh-cn.php
[ info ] [ ROUTE ] array (
  'type' => 'module',
  'module' => 
  array (
    0 => '',
    1 => NULL,
    2 => NULL,
  ),
)
[ info ] [ HEADER ] array (
  'accept-language' => 'zh-CN,zh;q=0.9',
  'accept-encoding' => 'gzip, deflate',
  'accept' => 'text/html,application/xhtml+xml,application/xml;q=0.9,image/webp,image/apng,*/*;q=0.8,application/signed-exchange;v=b3;q=0.9',
  'user-agent' => 'Mozilla/5.0 (Windows NT 10.0; Win64; x64) AppleWebKit/537.36 (KHTML, like Gecko) Chrome/79.0.3945.88 Safari/537.36',
  'upgrade-insecure-requests' => '1',
  'cache-control' => 'max-age=0',
  'connection' => 'close',
  'host' => 'www.tp5-api.com',
)
[ info ] [ PARAM ] array (
)
[ info ] [ RUN ] app\index\controller\Index->index[ D:\Project\xingtu_dongliuwulian\TP-vue-admin\tp5-api\Tp5-api--\application\index\controller\Index.php ]
[ info ] [ LOG ] INIT File
