---------------------------------------------------------------
[ 2019-12-31T12:07:03+08:00 ] 127.0.0.1 GET www.tp5-api.com/
[运行时间：0.041924s] [吞吐率：23.85req/s] [内存消耗：1,776.56kb] [文件加载：48]
[ info ] [ LANG ] D:\Project\xingtu_dongliuwulian\TP-vue-admin\tp5-api\thinkphp\lang\zh-cn.php
[ info ] [ ROUTE ] array (
  'type' => 'module',
  'module' => 
  array (
    0 => '',
    1 => NULL,
    2 => NULL,
  ),
)
[ info ] [ HEADER ] array (
  'accept-language' => 'zh-CN,zh;q=0.9',
  'accept-encoding' => 'gzip, deflate',
  'accept' => 'text/html,application/xhtml+xml,application/xml;q=0.9,image/webp,image/apng,*/*;q=0.8,application/signed-exchange;v=b3;q=0.9',
  'user-agent' => 'Mozilla/5.0 (Windows NT 10.0; Win64; x64) AppleWebKit/537.36 (KHTML, like Gecko) Chrome/79.0.3945.88 Safari/537.36',
  'upgrade-insecure-requests' => '1',
  'connection' => 'close',
  'host' => 'www.tp5-api.com',
)
[ info ] [ PARAM ] array (
)
[ info ] [ RUN ] app\index\controller\Index->index[ D:\Project\xingtu_dongliuwulian\TP-vue-admin\tp5-api\application\index\controller\Index.php ]
[ info ] [ LOG ] INIT File
---------------------------------------------------------------
[ 2019-12-31T12:09:29+08:00 ] 127.0.0.1 GET www.tp5-api.com/
[运行时间：0.041094s] [吞吐率：24.33req/s] [内存消耗：1,776.95kb] [文件加载：48]
[ info ] [ LANG ] D:\Project\xingtu_dongliuwulian\TP-vue-admin\tp5-api\thinkphp\lang\zh-cn.php
[ info ] [ ROUTE ] array (
  'type' => 'module',
  'module' => 
  array (
    0 => '',
    1 => NULL,
    2 => NULL,
  ),
)
[ info ] [ HEADER ] array (
  'accept-language' => 'zh-CN,zh;q=0.9',
  'accept-encoding' => 'gzip, deflate',
  'accept' => 'text/html,application/xhtml+xml,application/xml;q=0.9,image/webp,image/apng,*/*;q=0.8,application/signed-exchange;v=b3;q=0.9',
  'user-agent' => 'Mozilla/5.0 (Windows NT 10.0; Win64; x64) AppleWebKit/537.36 (KHTML, like Gecko) Chrome/79.0.3945.88 Safari/537.36',
  'upgrade-insecure-requests' => '1',
  'cache-control' => 'max-age=0',
  'connection' => 'close',
  'host' => 'www.tp5-api.com',
)
[ info ] [ PARAM ] array (
)
[ info ] [ RUN ] app\index\controller\Index->index[ D:\Project\xingtu_dongliuwulian\TP-vue-admin\tp5-api\application\index\controller\Index.php ]
[ info ] [ LOG ] INIT File
---------------------------------------------------------------
[ 2019-12-31T12:09:55+08:00 ] 127.0.0.1 GET www.tp5-api.com/
[运行时间：0.039111s] [吞吐率：25.57req/s] [内存消耗：1,776.55kb] [文件加载：48]
[ info ] [ LANG ] D:\Project\xingtu_dongliuwulian\TP-vue-admin\tp5-api\thinkphp\lang\zh-cn.php
[ info ] [ ROUTE ] array (
  'type' => 'module',
  'module' => 
  array (
    0 => '',
    1 => NULL,
    2 => NULL,
  ),
)
[ info ] [ HEADER ] array (
  'accept-language' => 'zh-CN,zh;q=0.9',
  'accept-encoding' => 'gzip, deflate',
  'accept' => 'text/html,application/xhtml+xml,application/xml;q=0.9,image/webp,image/apng,*/*;q=0.8,application/signed-exchange;v=b3;q=0.9',
  'user-agent' => 'Mozilla/5.0 (Windows NT 10.0; Win64; x64) AppleWebKit/537.36 (KHTML, like Gecko) Chrome/79.0.3945.88 Safari/537.36',
  'upgrade-insecure-requests' => '1',
  'connection' => 'close',
  'host' => 'www.tp5-api.com',
)
[ info ] [ PARAM ] array (
)
[ info ] [ RUN ] app\index\controller\Index->index[ D:\Project\xingtu_dongliuwulian\TP-vue-admin\tp5-api\application\index\controller\Index.php ]
[ info ] [ LOG ] INIT File
---------------------------------------------------------------
[ 2019-12-31T12:14:37+08:00 ] 127.0.0.1 GET www.tp5-api.com/
[运行时间：0.037520s] [吞吐率：26.65req/s] [内存消耗：1,777.05kb] [文件加载：48]
[ info ] [ LANG ] D:\Project\xingtu_dongliuwulian\TP-vue-admin\tp5-api\thinkphp\lang\zh-cn.php
[ info ] [ ROUTE ] array (
  'type' => 'module',
  'module' => 
  array (
    0 => '',
    1 => NULL,
    2 => NULL,
  ),
)
[ info ] [ HEADER ] array (
  'accept-language' => 'zh-CN,zh;q=0.9',
  'accept-encoding' => 'gzip, deflate',
  'accept' => 'text/html,application/xhtml+xml,application/xml;q=0.9,image/webp,image/apng,*/*;q=0.8,application/signed-exchange;v=b3;q=0.9',
  'user-agent' => 'Mozilla/5.0 (Windows NT 10.0; Win64; x64) AppleWebKit/537.36 (KHTML, like Gecko) Chrome/79.0.3945.88 Safari/537.36',
  'upgrade-insecure-requests' => '1',
  'cache-control' => 'max-age=0',
  'connection' => 'close',
  'host' => 'www.tp5-api.com',
)
[ info ] [ PARAM ] array (
)
[ info ] [ RUN ] app\index\controller\Index->index[ D:\Project\xingtu_dongliuwulian\TP-vue-admin\tp5-api\application\index\controller\Index.php ]
[ info ] [ LOG ] INIT File
---------------------------------------------------------------
[ 2019-12-31T12:14:38+08:00 ] 127.0.0.1 GET www.tp5-api.com/
[运行时间：0.022338s] [吞吐率：44.77req/s] [内存消耗：1,777.05kb] [文件加载：48]
[ info ] [ LANG ] D:\Project\xingtu_dongliuwulian\TP-vue-admin\tp5-api\thinkphp\lang\zh-cn.php
[ info ] [ ROUTE ] array (
  'type' => 'module',
  'module' => 
  array (
    0 => '',
    1 => NULL,
    2 => NULL,
  ),
)
[ info ] [ HEADER ] array (
  'accept-language' => 'zh-CN,zh;q=0.9',
  'accept-encoding' => 'gzip, deflate',
  'accept' => 'text/html,application/xhtml+xml,application/xml;q=0.9,image/webp,image/apng,*/*;q=0.8,application/signed-exchange;v=b3;q=0.9',
  'user-agent' => 'Mozilla/5.0 (Windows NT 10.0; Win64; x64) AppleWebKit/537.36 (KHTML, like Gecko) Chrome/79.0.3945.88 Safari/537.36',
  'upgrade-insecure-requests' => '1',
  'cache-control' => 'max-age=0',
  'connection' => 'close',
  'host' => 'www.tp5-api.com',
)
[ info ] [ PARAM ] array (
)
[ info ] [ RUN ] app\index\controller\Index->index[ D:\Project\xingtu_dongliuwulian\TP-vue-admin\tp5-api\application\index\controller\Index.php ]
[ info ] [ LOG ] INIT File
---------------------------------------------------------------
[ 2019-12-31T12:14:39+08:00 ] 127.0.0.1 GET www.tp5-api.com/
[运行时间：0.026370s] [吞吐率：37.92req/s] [内存消耗：1,777.05kb] [文件加载：48]
[ info ] [ LANG ] D:\Project\xingtu_dongliuwulian\TP-vue-admin\tp5-api\thinkphp\lang\zh-cn.php
[ info ] [ ROUTE ] array (
  'type' => 'module',
  'module' => 
  array (
    0 => '',
    1 => NULL,
    2 => NULL,
  ),
)
[ info ] [ HEADER ] array (
  'accept-language' => 'zh-CN,zh;q=0.9',
  'accept-encoding' => 'gzip, deflate',
  'accept' => 'text/html,application/xhtml+xml,application/xml;q=0.9,image/webp,image/apng,*/*;q=0.8,application/signed-exchange;v=b3;q=0.9',
  'user-agent' => 'Mozilla/5.0 (Windows NT 10.0; Win64; x64) AppleWebKit/537.36 (KHTML, like Gecko) Chrome/79.0.3945.88 Safari/537.36',
  'upgrade-insecure-requests' => '1',
  'cache-control' => 'max-age=0',
  'connection' => 'close',
  'host' => 'www.tp5-api.com',
)
[ info ] [ PARAM ] array (
)
[ info ] [ RUN ] app\index\controller\Index->index[ D:\Project\xingtu_dongliuwulian\TP-vue-admin\tp5-api\application\index\controller\Index.php ]
[ info ] [ LOG ] INIT File
---------------------------------------------------------------
[ 2019-12-31T12:14:39+08:00 ] 127.0.0.1 GET www.tp5-api.com/
[运行时间：0.023842s] [吞吐率：41.94req/s] [内存消耗：1,777.05kb] [文件加载：48]
[ info ] [ LANG ] D:\Project\xingtu_dongliuwulian\TP-vue-admin\tp5-api\thinkphp\lang\zh-cn.php
[ info ] [ ROUTE ] array (
  'type' => 'module',
  'module' => 
  array (
    0 => '',
    1 => NULL,
    2 => NULL,
  ),
)
[ info ] [ HEADER ] array (
  'accept-language' => 'zh-CN,zh;q=0.9',
  'accept-encoding' => 'gzip, deflate',
  'accept' => 'text/html,application/xhtml+xml,application/xml;q=0.9,image/webp,image/apng,*/*;q=0.8,application/signed-exchange;v=b3;q=0.9',
  'user-agent' => 'Mozilla/5.0 (Windows NT 10.0; Win64; x64) AppleWebKit/537.36 (KHTML, like Gecko) Chrome/79.0.3945.88 Safari/537.36',
  'upgrade-insecure-requests' => '1',
  'cache-control' => 'max-age=0',
  'connection' => 'close',
  'host' => 'www.tp5-api.com',
)
[ info ] [ PARAM ] array (
)
[ info ] [ RUN ] app\index\controller\Index->index[ D:\Project\xingtu_dongliuwulian\TP-vue-admin\tp5-api\application\index\controller\Index.php ]
[ info ] [ LOG ] INIT File
---------------------------------------------------------------
[ 2019-12-31T12:14:40+08:00 ] 127.0.0.1 GET www.tp5-api.com/
[运行时间：0.034593s] [吞吐率：28.91req/s] [内存消耗：1,777.05kb] [文件加载：48]
[ info ] [ LANG ] D:\Project\xingtu_dongliuwulian\TP-vue-admin\tp5-api\thinkphp\lang\zh-cn.php
[ info ] [ ROUTE ] array (
  'type' => 'module',
  'module' => 
  array (
    0 => '',
    1 => NULL,
    2 => NULL,
  ),
)
[ info ] [ HEADER ] array (
  'accept-language' => 'zh-CN,zh;q=0.9',
  'accept-encoding' => 'gzip, deflate',
  'accept' => 'text/html,application/xhtml+xml,application/xml;q=0.9,image/webp,image/apng,*/*;q=0.8,application/signed-exchange;v=b3;q=0.9',
  'user-agent' => 'Mozilla/5.0 (Windows NT 10.0; Win64; x64) AppleWebKit/537.36 (KHTML, like Gecko) Chrome/79.0.3945.88 Safari/537.36',
  'upgrade-insecure-requests' => '1',
  'cache-control' => 'max-age=0',
  'connection' => 'close',
  'host' => 'www.tp5-api.com',
)
[ info ] [ PARAM ] array (
)
[ info ] [ RUN ] app\index\controller\Index->index[ D:\Project\xingtu_dongliuwulian\TP-vue-admin\tp5-api\application\index\controller\Index.php ]
[ info ] [ LOG ] INIT File
---------------------------------------------------------------
[ 2019-12-31T12:16:55+08:00 ] 127.0.0.1 GET www.tp5-api.com/
[运行时间：0.038771s] [吞吐率：25.79req/s] [内存消耗：1,750.74kb] [文件加载：48]
[ info ] [ LANG ] D:\Project\xingtu_dongliuwulian\TP-vue-admin\tp5-api\thinkphp\lang\zh-cn.php
[ info ] [ LOG ] INIT File
---------------------------------------------------------------
[ 2019-12-31T15:22:29+08:00 ] 127.0.0.1 GET www.tp5-api.com/
[运行时间：0.072733s] [吞吐率：13.75req/s] [内存消耗：1,751.69kb] [文件加载：48]
[ info ] [ LANG ] D:\Project\xingtu_dongliuwulian\TP-vue-admin\tp5-api\thinkphp\lang\zh-cn.php
[ info ] [ LOG ] INIT File
---------------------------------------------------------------
[ 2019-12-31T15:22:32+08:00 ] 127.0.0.1 GET www.tp5-api.com/
[运行时间：0.043499s] [吞吐率：22.99req/s] [内存消耗：1,751.86kb] [文件加载：48]
[ info ] [ LANG ] D:\Project\xingtu_dongliuwulian\TP-vue-admin\tp5-api\thinkphp\lang\zh-cn.php
[ info ] [ LOG ] INIT File
---------------------------------------------------------------
[ 2019-12-31T15:23:11+08:00 ] 127.0.0.1 GET www.tp5-api.com/
[运行时间：0.041854s] [吞吐率：23.89req/s] [内存消耗：1,777.47kb] [文件加载：47]
[ info ] [ LANG ] D:\Project\xingtu_dongliuwulian\TP-vue-admin\tp5-api\thinkphp\lang\zh-cn.php
[ info ] [ ROUTE ] array (
  'type' => 'function',
  'function' => 
  Closure::__set_state(array(
  )),
)
[ info ] [ HEADER ] array (
  'accept-language' => 'zh-CN,zh;q=0.9',
  'accept-encoding' => 'gzip, deflate',
  'accept' => 'text/html,application/xhtml+xml,application/xml;q=0.9,image/webp,image/apng,*/*;q=0.8,application/signed-exchange;v=b3;q=0.9',
  'user-agent' => 'Mozilla/5.0 (Windows NT 10.0; Win64; x64) AppleWebKit/537.36 (KHTML, like Gecko) Chrome/79.0.3945.88 Safari/537.36',
  'upgrade-insecure-requests' => '1',
  'cache-control' => 'max-age=0',
  'connection' => 'close',
  'host' => 'www.tp5-api.com',
)
[ info ] [ PARAM ] array (
)
[ info ] [ RUN ] Closure [ <user, prototype Closure> public method {closure} ] {
  @@ D:\Project\xingtu_dongliuwulian\TP-vue-admin\tp5-api\config\route.php 12 - 14
}

[ info ] [ LOG ] INIT File
---------------------------------------------------------------
[ 2019-12-31T16:29:21+08:00 ] 127.0.0.1 GET www.tp5-api.com/
[运行时间：0.103751s] [吞吐率：9.64req/s] [内存消耗：1,778.36kb] [文件加载：47]
[ info ] [ LANG ] D:\Project\xingtu_dongliuwulian\TP-vue-admin\tp5-api\thinkphp\lang\zh-cn.php
[ info ] [ ROUTE ] array (
  'type' => 'function',
  'function' => 
  Closure::__set_state(array(
  )),
)
[ info ] [ HEADER ] array (
  'accept-language' => 'zh-CN,zh;q=0.9',
  'accept-encoding' => 'gzip, deflate',
  'accept' => 'text/html,application/xhtml+xml,application/xml;q=0.9,image/webp,image/apng,*/*;q=0.8,application/signed-exchange;v=b3;q=0.9',
  'user-agent' => 'Mozilla/5.0 (Windows NT 10.0; Win64; x64) AppleWebKit/537.36 (KHTML, like Gecko) Chrome/79.0.3945.88 Safari/537.36',
  'upgrade-insecure-requests' => '1',
  'connection' => 'close',
  'host' => 'www.tp5-api.com',
)
[ info ] [ PARAM ] array (
)
[ info ] [ RUN ] Closure [ <user, prototype Closure> public method {closure} ] {
  @@ D:\Project\xingtu_dongliuwulian\TP-vue-admin\tp5-api\config\route.php 13 - 15
}

[ info ] [ LOG ] INIT File
---------------------------------------------------------------
[ 2019-12-31T17:01:29+08:00 ] 127.0.0.1 GET www.tp5-api.com/api/index/main
[运行时间：0.070832s] [吞吐率：14.12req/s] [内存消耗：1,767.18kb] [文件加载：49]
[ info ] [ LANG ] D:\Project\xingtu_dongliuwulian\TP-vue-admin\tp5-api\thinkphp\lang\zh-cn.php
[ info ] [ ROUTE ] array (
  'type' => 'module',
  'module' => 
  array (
    0 => 'api',
    1 => 'index',
    2 => 'main',
  ),
)
[ info ] [ HEADER ] array (
  'accept-language' => 'zh-CN,zh;q=0.9',
  'accept-encoding' => 'gzip, deflate',
  'accept' => 'text/html,application/xhtml+xml,application/xml;q=0.9,image/webp,image/apng,*/*;q=0.8,application/signed-exchange;v=b3;q=0.9',
  'user-agent' => 'Mozilla/5.0 (Windows NT 10.0; Win64; x64) AppleWebKit/537.36 (KHTML, like Gecko) Chrome/79.0.3945.88 Safari/537.36',
  'upgrade-insecure-requests' => '1',
  'cache-control' => 'max-age=0',
  'connection' => 'close',
  'host' => 'www.tp5-api.com',
)
[ info ] [ PARAM ] array (
  'api/index/main' => '',
)
[ info ] [ LOG ] INIT File
---------------------------------------------------------------
[ 2019-12-31T17:02:26+08:00 ] 127.0.0.1 GET www.tp5-api.com/api/main
[运行时间：0.050172s] [吞吐率：19.93req/s] [内存消耗：1,766.68kb] [文件加载：49]
[ info ] [ LANG ] D:\Project\xingtu_dongliuwulian\TP-vue-admin\tp5-api\thinkphp\lang\zh-cn.php
[ info ] [ ROUTE ] array (
  'type' => 'module',
  'module' => 
  array (
    0 => 'api',
    1 => 'main',
    2 => NULL,
  ),
)
[ info ] [ HEADER ] array (
  'accept-language' => 'zh-CN,zh;q=0.9',
  'accept-encoding' => 'gzip, deflate',
  'accept' => 'text/html,application/xhtml+xml,application/xml;q=0.9,image/webp,image/apng,*/*;q=0.8,application/signed-exchange;v=b3;q=0.9',
  'user-agent' => 'Mozilla/5.0 (Windows NT 10.0; Win64; x64) AppleWebKit/537.36 (KHTML, like Gecko) Chrome/79.0.3945.88 Safari/537.36',
  'upgrade-insecure-requests' => '1',
  'connection' => 'close',
  'host' => 'www.tp5-api.com',
)
[ info ] [ PARAM ] array (
  'api/main' => '',
)
[ info ] [ LOG ] INIT File
---------------------------------------------------------------
[ 2019-12-31T17:03:37+08:00 ] 127.0.0.1 GET www.tp5-api.com/api/index/main
[运行时间：0.075381s] [吞吐率：13.27req/s] [内存消耗：1,766.68kb] [文件加载：49]
[ info ] [ LANG ] D:\Project\xingtu_dongliuwulian\TP-vue-admin\tp5-api\thinkphp\lang\zh-cn.php
[ info ] [ ROUTE ] array (
  'type' => 'module',
  'module' => 
  array (
    0 => 'api',
    1 => 'index',
    2 => 'main',
  ),
)
[ info ] [ HEADER ] array (
  'accept-language' => 'zh-CN,zh;q=0.9',
  'accept-encoding' => 'gzip, deflate',
  'accept' => 'text/html,application/xhtml+xml,application/xml;q=0.9,image/webp,image/apng,*/*;q=0.8,application/signed-exchange;v=b3;q=0.9',
  'user-agent' => 'Mozilla/5.0 (Windows NT 10.0; Win64; x64) AppleWebKit/537.36 (KHTML, like Gecko) Chrome/79.0.3945.88 Safari/537.36',
  'upgrade-insecure-requests' => '1',
  'connection' => 'close',
  'host' => 'www.tp5-api.com',
)
[ info ] [ PARAM ] array (
  'api/index/main' => '',
)
[ info ] [ LOG ] INIT File
---------------------------------------------------------------
[ 2019-12-31T17:04:25+08:00 ] 127.0.0.1 GET www.tp5-api.com/api/index/main
[运行时间：0.037375s] [吞吐率：26.76req/s] [内存消耗：1,767.18kb] [文件加载：49]
[ info ] [ LANG ] D:\Project\xingtu_dongliuwulian\TP-vue-admin\tp5-api\thinkphp\lang\zh-cn.php
[ info ] [ ROUTE ] array (
  'type' => 'module',
  'module' => 
  array (
    0 => 'api',
    1 => 'index',
    2 => 'main',
  ),
)
[ info ] [ HEADER ] array (
  'accept-language' => 'zh-CN,zh;q=0.9',
  'accept-encoding' => 'gzip, deflate',
  'accept' => 'text/html,application/xhtml+xml,application/xml;q=0.9,image/webp,image/apng,*/*;q=0.8,application/signed-exchange;v=b3;q=0.9',
  'user-agent' => 'Mozilla/5.0 (Windows NT 10.0; Win64; x64) AppleWebKit/537.36 (KHTML, like Gecko) Chrome/79.0.3945.88 Safari/537.36',
  'upgrade-insecure-requests' => '1',
  'cache-control' => 'max-age=0',
  'connection' => 'close',
  'host' => 'www.tp5-api.com',
)
[ info ] [ PARAM ] array (
  'api/index/main' => '',
)
[ info ] [ LOG ] INIT File
---------------------------------------------------------------
[ 2019-12-31T17:04:35+08:00 ] 127.0.0.1 GET www.tp5-api.com/index/index/hello
[运行时间：0.053387s] [吞吐率：18.73req/s] [内存消耗：1,787.99kb] [文件加载：48]
[ info ] [ LANG ] D:\Project\xingtu_dongliuwulian\TP-vue-admin\tp5-api\thinkphp\lang\zh-cn.php
[ info ] [ ROUTE ] array (
  'type' => 'module',
  'module' => 
  array (
    0 => 'index',
    1 => 'index',
    2 => 'hello',
  ),
)
[ info ] [ HEADER ] array (
  'accept-language' => 'zh-CN,zh;q=0.9',
  'accept-encoding' => 'gzip, deflate',
  'accept' => 'text/html,application/xhtml+xml,application/xml;q=0.9,image/webp,image/apng,*/*;q=0.8,application/signed-exchange;v=b3;q=0.9',
  'user-agent' => 'Mozilla/5.0 (Windows NT 10.0; Win64; x64) AppleWebKit/537.36 (KHTML, like Gecko) Chrome/79.0.3945.88 Safari/537.36',
  'upgrade-insecure-requests' => '1',
  'connection' => 'close',
  'host' => 'www.tp5-api.com',
)
[ info ] [ PARAM ] array (
  'index/index/hello' => '',
)
[ info ] [ RUN ] app\index\controller\Index->hello[ D:\Project\xingtu_dongliuwulian\TP-vue-admin\tp5-api\application\index\controller\Index.php ]
[ info ] [ LOG ] INIT File
---------------------------------------------------------------
[ 2019-12-31T17:06:28+08:00 ] 127.0.0.1 GET www.tp5-api.com/api/index/main
[运行时间：0.100076s] [吞吐率：9.99req/s] [内存消耗：2,044.88kb] [文件加载：59]
[ info ] [ LANG ] D:\Project\xingtu_dongliuwulian\TP-vue-admin\tp5-api\thinkphp\lang\zh-cn.php
[ info ] [ ROUTE ] array (
  'type' => 'module',
  'module' => 
  array (
    0 => 'api',
    1 => 'index',
    2 => 'main',
  ),
)
[ info ] [ HEADER ] array (
  'accept-language' => 'zh-CN,zh;q=0.9',
  'accept-encoding' => 'gzip, deflate',
  'accept' => 'text/html,application/xhtml+xml,application/xml;q=0.9,image/webp,image/apng,*/*;q=0.8,application/signed-exchange;v=b3;q=0.9',
  'user-agent' => 'Mozilla/5.0 (Windows NT 10.0; Win64; x64) AppleWebKit/537.36 (KHTML, like Gecko) Chrome/79.0.3945.88 Safari/537.36',
  'upgrade-insecure-requests' => '1',
  'connection' => 'close',
  'host' => 'www.tp5-api.com',
)
[ info ] [ PARAM ] array (
  'api/index/main' => '',
)
[ info ] [ LOG ] INIT File
---------------------------------------------------------------
[ 2019-12-31T17:16:16+08:00 ] 127.0.0.1 GET www.tp5-api.com/api/index/main
[运行时间：0.091691s] [吞吐率：10.91req/s] [内存消耗：2,045.38kb] [文件加载：59]
[ info ] [ LANG ] D:\Project\xingtu_dongliuwulian\TP-vue-admin\tp5-api\thinkphp\lang\zh-cn.php
[ info ] [ ROUTE ] array (
  'type' => 'module',
  'module' => 
  array (
    0 => 'api',
    1 => 'index',
    2 => 'main',
  ),
)
[ info ] [ HEADER ] array (
  'accept-language' => 'zh-CN,zh;q=0.9',
  'accept-encoding' => 'gzip, deflate',
  'accept' => 'text/html,application/xhtml+xml,application/xml;q=0.9,image/webp,image/apng,*/*;q=0.8,application/signed-exchange;v=b3;q=0.9',
  'user-agent' => 'Mozilla/5.0 (Windows NT 10.0; Win64; x64) AppleWebKit/537.36 (KHTML, like Gecko) Chrome/79.0.3945.88 Safari/537.36',
  'upgrade-insecure-requests' => '1',
  'cache-control' => 'max-age=0',
  'connection' => 'close',
  'host' => 'www.tp5-api.com',
)
[ info ] [ PARAM ] array (
  'api/index/main' => '',
)
[ info ] [ LOG ] INIT File
---------------------------------------------------------------
[ 2019-12-31T17:16:22+08:00 ] 127.0.0.1 GET www.tp5-api.com/api/index/main
[运行时间：0.057809s] [吞吐率：17.30req/s] [内存消耗：2,045.38kb] [文件加载：59]
[ info ] [ LANG ] D:\Project\xingtu_dongliuwulian\TP-vue-admin\tp5-api\thinkphp\lang\zh-cn.php
[ info ] [ ROUTE ] array (
  'type' => 'module',
  'module' => 
  array (
    0 => 'api',
    1 => 'index',
    2 => 'main',
  ),
)
[ info ] [ HEADER ] array (
  'accept-language' => 'zh-CN,zh;q=0.9',
  'accept-encoding' => 'gzip, deflate',
  'accept' => 'text/html,application/xhtml+xml,application/xml;q=0.9,image/webp,image/apng,*/*;q=0.8,application/signed-exchange;v=b3;q=0.9',
  'user-agent' => 'Mozilla/5.0 (Windows NT 10.0; Win64; x64) AppleWebKit/537.36 (KHTML, like Gecko) Chrome/79.0.3945.88 Safari/537.36',
  'upgrade-insecure-requests' => '1',
  'cache-control' => 'max-age=0',
  'connection' => 'close',
  'host' => 'www.tp5-api.com',
)
[ info ] [ PARAM ] array (
  'api/index/main' => '',
)
[ info ] [ LOG ] INIT File
---------------------------------------------------------------
[ 2019-12-31T17:16:24+08:00 ] 127.0.0.1 GET www.tp5-api.com/api/index/main
[运行时间：0.074826s] [吞吐率：13.36req/s] [内存消耗：2,045.38kb] [文件加载：59]
[ info ] [ LANG ] D:\Project\xingtu_dongliuwulian\TP-vue-admin\tp5-api\thinkphp\lang\zh-cn.php
[ info ] [ ROUTE ] array (
  'type' => 'module',
  'module' => 
  array (
    0 => 'api',
    1 => 'index',
    2 => 'main',
  ),
)
[ info ] [ HEADER ] array (
  'accept-language' => 'zh-CN,zh;q=0.9',
  'accept-encoding' => 'gzip, deflate',
  'accept' => 'text/html,application/xhtml+xml,application/xml;q=0.9,image/webp,image/apng,*/*;q=0.8,application/signed-exchange;v=b3;q=0.9',
  'user-agent' => 'Mozilla/5.0 (Windows NT 10.0; Win64; x64) AppleWebKit/537.36 (KHTML, like Gecko) Chrome/79.0.3945.88 Safari/537.36',
  'upgrade-insecure-requests' => '1',
  'cache-control' => 'max-age=0',
  'connection' => 'close',
  'host' => 'www.tp5-api.com',
)
[ info ] [ PARAM ] array (
  'api/index/main' => '',
)
[ info ] [ LOG ] INIT File
---------------------------------------------------------------
[ 2019-12-31T17:16:26+08:00 ] 127.0.0.1 GET www.tp5-api.com/api/index/main
[运行时间：0.069784s] [吞吐率：14.33req/s] [内存消耗：2,045.38kb] [文件加载：59]
[ info ] [ LANG ] D:\Project\xingtu_dongliuwulian\TP-vue-admin\tp5-api\thinkphp\lang\zh-cn.php
[ info ] [ ROUTE ] array (
  'type' => 'module',
  'module' => 
  array (
    0 => 'api',
    1 => 'index',
    2 => 'main',
  ),
)
[ info ] [ HEADER ] array (
  'accept-language' => 'zh-CN,zh;q=0.9',
  'accept-encoding' => 'gzip, deflate',
  'accept' => 'text/html,application/xhtml+xml,application/xml;q=0.9,image/webp,image/apng,*/*;q=0.8,application/signed-exchange;v=b3;q=0.9',
  'user-agent' => 'Mozilla/5.0 (Windows NT 10.0; Win64; x64) AppleWebKit/537.36 (KHTML, like Gecko) Chrome/79.0.3945.88 Safari/537.36',
  'upgrade-insecure-requests' => '1',
  'cache-control' => 'max-age=0',
  'connection' => 'close',
  'host' => 'www.tp5-api.com',
)
[ info ] [ PARAM ] array (
  'api/index/main' => '',
)
[ info ] [ LOG ] INIT File
---------------------------------------------------------------
[ 2019-12-31T17:16:51+08:00 ] 127.0.0.1 GET www.tp5-api.com/api/index/main
[运行时间：0.065257s] [吞吐率：15.32req/s] [内存消耗：2,045.38kb] [文件加载：59]
[ info ] [ LANG ] D:\Project\xingtu_dongliuwulian\TP-vue-admin\tp5-api\thinkphp\lang\zh-cn.php
[ info ] [ ROUTE ] array (
  'type' => 'module',
  'module' => 
  array (
    0 => 'api',
    1 => 'index',
    2 => 'main',
  ),
)
[ info ] [ HEADER ] array (
  'accept-language' => 'zh-CN,zh;q=0.9',
  'accept-encoding' => 'gzip, deflate',
  'accept' => 'text/html,application/xhtml+xml,application/xml;q=0.9,image/webp,image/apng,*/*;q=0.8,application/signed-exchange;v=b3;q=0.9',
  'user-agent' => 'Mozilla/5.0 (Windows NT 10.0; Win64; x64) AppleWebKit/537.36 (KHTML, like Gecko) Chrome/79.0.3945.88 Safari/537.36',
  'upgrade-insecure-requests' => '1',
  'cache-control' => 'max-age=0',
  'connection' => 'close',
  'host' => 'www.tp5-api.com',
)
[ info ] [ PARAM ] array (
  'api/index/main' => '',
)
[ info ] [ LOG ] INIT File
---------------------------------------------------------------
[ 2019-12-31T17:17:04+08:00 ] 127.0.0.1 GET www.tp5-api.com/api/index/main
[运行时间：0.066472s] [吞吐率：15.04req/s] [内存消耗：2,045.38kb] [文件加载：59]
[ info ] [ LANG ] D:\Project\xingtu_dongliuwulian\TP-vue-admin\tp5-api\thinkphp\lang\zh-cn.php
[ info ] [ ROUTE ] array (
  'type' => 'module',
  'module' => 
  array (
    0 => 'api',
    1 => 'index',
    2 => 'main',
  ),
)
[ info ] [ HEADER ] array (
  'accept-language' => 'zh-CN,zh;q=0.9',
  'accept-encoding' => 'gzip, deflate',
  'accept' => 'text/html,application/xhtml+xml,application/xml;q=0.9,image/webp,image/apng,*/*;q=0.8,application/signed-exchange;v=b3;q=0.9',
  'user-agent' => 'Mozilla/5.0 (Windows NT 10.0; Win64; x64) AppleWebKit/537.36 (KHTML, like Gecko) Chrome/79.0.3945.88 Safari/537.36',
  'upgrade-insecure-requests' => '1',
  'cache-control' => 'max-age=0',
  'connection' => 'close',
  'host' => 'www.tp5-api.com',
)
[ info ] [ PARAM ] array (
  'api/index/main' => '',
)
[ info ] [ LOG ] INIT File
---------------------------------------------------------------
[ 2019-12-31T17:17:07+08:00 ] 127.0.0.1 GET www.tp5-api.com/api/index/main
[运行时间：0.111271s] [吞吐率：8.99req/s] [内存消耗：2,045.38kb] [文件加载：59]
[ info ] [ LANG ] D:\Project\xingtu_dongliuwulian\TP-vue-admin\tp5-api\thinkphp\lang\zh-cn.php
[ info ] [ ROUTE ] array (
  'type' => 'module',
  'module' => 
  array (
    0 => 'api',
    1 => 'index',
    2 => 'main',
  ),
)
[ info ] [ HEADER ] array (
  'accept-language' => 'zh-CN,zh;q=0.9',
  'accept-encoding' => 'gzip, deflate',
  'accept' => 'text/html,application/xhtml+xml,application/xml;q=0.9,image/webp,image/apng,*/*;q=0.8,application/signed-exchange;v=b3;q=0.9',
  'user-agent' => 'Mozilla/5.0 (Windows NT 10.0; Win64; x64) AppleWebKit/537.36 (KHTML, like Gecko) Chrome/79.0.3945.88 Safari/537.36',
  'upgrade-insecure-requests' => '1',
  'cache-control' => 'max-age=0',
  'connection' => 'close',
  'host' => 'www.tp5-api.com',
)
[ info ] [ PARAM ] array (
  'api/index/main' => '',
)
[ info ] [ LOG ] INIT File
---------------------------------------------------------------
[ 2019-12-31T17:20:20+08:00 ] 127.0.0.1 GET www.tp5-api.com/api/index/main
[运行时间：0.081940s] [吞吐率：12.20req/s] [内存消耗：2,003.83kb] [文件加载：59]
[ info ] [ LANG ] D:\Project\xingtu_dongliuwulian\TP-vue-admin\tp5-api\thinkphp\lang\zh-cn.php
[ info ] [ ROUTE ] array (
  'type' => 'module',
  'module' => 
  array (
    0 => 'api',
    1 => 'index',
    2 => 'main',
  ),
)
[ info ] [ HEADER ] array (
  'accept-language' => 'zh-CN,zh;q=0.9',
  'accept-encoding' => 'gzip, deflate',
  'accept' => 'text/html,application/xhtml+xml,application/xml;q=0.9,image/webp,image/apng,*/*;q=0.8,application/signed-exchange;v=b3;q=0.9',
  'user-agent' => 'Mozilla/5.0 (Windows NT 10.0; Win64; x64) AppleWebKit/537.36 (KHTML, like Gecko) Chrome/79.0.3945.88 Safari/537.36',
  'upgrade-insecure-requests' => '1',
  'cache-control' => 'max-age=0',
  'connection' => 'close',
  'host' => 'www.tp5-api.com',
)
[ info ] [ PARAM ] array (
  'api/index/main' => '',
)
[ info ] [ LOG ] INIT File
---------------------------------------------------------------
[ 2019-12-31T17:20:22+08:00 ] 127.0.0.1 GET www.tp5-api.com/api/index/main
[运行时间：0.059499s] [吞吐率：16.81req/s] [内存消耗：2,003.83kb] [文件加载：59]
[ info ] [ LANG ] D:\Project\xingtu_dongliuwulian\TP-vue-admin\tp5-api\thinkphp\lang\zh-cn.php
[ info ] [ ROUTE ] array (
  'type' => 'module',
  'module' => 
  array (
    0 => 'api',
    1 => 'index',
    2 => 'main',
  ),
)
[ info ] [ HEADER ] array (
  'accept-language' => 'zh-CN,zh;q=0.9',
  'accept-encoding' => 'gzip, deflate',
  'accept' => 'text/html,application/xhtml+xml,application/xml;q=0.9,image/webp,image/apng,*/*;q=0.8,application/signed-exchange;v=b3;q=0.9',
  'user-agent' => 'Mozilla/5.0 (Windows NT 10.0; Win64; x64) AppleWebKit/537.36 (KHTML, like Gecko) Chrome/79.0.3945.88 Safari/537.36',
  'upgrade-insecure-requests' => '1',
  'cache-control' => 'max-age=0',
  'connection' => 'close',
  'host' => 'www.tp5-api.com',
)
[ info ] [ PARAM ] array (
  'api/index/main' => '',
)
[ info ] [ LOG ] INIT File
---------------------------------------------------------------
[ 2019-12-31T17:20:23+08:00 ] 127.0.0.1 GET www.tp5-api.com/api/index/main
[运行时间：0.081676s] [吞吐率：12.24req/s] [内存消耗：2,003.83kb] [文件加载：59]
[ info ] [ LANG ] D:\Project\xingtu_dongliuwulian\TP-vue-admin\tp5-api\thinkphp\lang\zh-cn.php
[ info ] [ ROUTE ] array (
  'type' => 'module',
  'module' => 
  array (
    0 => 'api',
    1 => 'index',
    2 => 'main',
  ),
)
[ info ] [ HEADER ] array (
  'accept-language' => 'zh-CN,zh;q=0.9',
  'accept-encoding' => 'gzip, deflate',
  'accept' => 'text/html,application/xhtml+xml,application/xml;q=0.9,image/webp,image/apng,*/*;q=0.8,application/signed-exchange;v=b3;q=0.9',
  'user-agent' => 'Mozilla/5.0 (Windows NT 10.0; Win64; x64) AppleWebKit/537.36 (KHTML, like Gecko) Chrome/79.0.3945.88 Safari/537.36',
  'upgrade-insecure-requests' => '1',
  'cache-control' => 'max-age=0',
  'connection' => 'close',
  'host' => 'www.tp5-api.com',
)
[ info ] [ PARAM ] array (
  'api/index/main' => '',
)
[ info ] [ LOG ] INIT File
---------------------------------------------------------------
[ 2019-12-31T17:20:43+08:00 ] 127.0.0.1 GET www.tp5-api.com/api/index/main
[运行时间：0.058294s] [吞吐率：17.15req/s] [内存消耗：2,019.82kb] [文件加载：54]
[ info ] [ LANG ] D:\Project\xingtu_dongliuwulian\TP-vue-admin\tp5-api\thinkphp\lang\zh-cn.php
[ info ] [ ROUTE ] array (
  'type' => 'module',
  'module' => 
  array (
    0 => 'api',
    1 => 'index',
    2 => 'main',
  ),
)
[ info ] [ HEADER ] array (
  'accept-language' => 'zh-CN,zh;q=0.9',
  'accept-encoding' => 'gzip, deflate',
  'accept' => 'text/html,application/xhtml+xml,application/xml;q=0.9,image/webp,image/apng,*/*;q=0.8,application/signed-exchange;v=b3;q=0.9',
  'user-agent' => 'Mozilla/5.0 (Windows NT 10.0; Win64; x64) AppleWebKit/537.36 (KHTML, like Gecko) Chrome/79.0.3945.88 Safari/537.36',
  'upgrade-insecure-requests' => '1',
  'cache-control' => 'max-age=0',
  'connection' => 'close',
  'host' => 'www.tp5-api.com',
)
[ info ] [ PARAM ] array (
  'api/index/main' => '',
)
[ info ] [ RUN ] app\api\controller\Index->main[ D:\Project\xingtu_dongliuwulian\TP-vue-admin\tp5-api\application\api\controller\Index.php ]
[ info ] [ LOG ] INIT File
---------------------------------------------------------------
[ 2019-12-31T17:21:04+08:00 ] 127.0.0.1 GET www.tp5-api.com/api/index/main
[运行时间：3.395745s] [吞吐率：0.29req/s] [内存消耗：2,869.98kb] [文件加载：63]
[ info ] [ LANG ] D:\Project\xingtu_dongliuwulian\TP-vue-admin\tp5-api\thinkphp\lang\zh-cn.php
[ info ] [ ROUTE ] array (
  'type' => 'module',
  'module' => 
  array (
    0 => 'api',
    1 => 'index',
    2 => 'main',
  ),
)
[ info ] [ HEADER ] array (
  'accept-language' => 'zh-CN,zh;q=0.9',
  'accept-encoding' => 'gzip, deflate',
  'accept' => 'text/html,application/xhtml+xml,application/xml;q=0.9,image/webp,image/apng,*/*;q=0.8,application/signed-exchange;v=b3;q=0.9',
  'user-agent' => 'Mozilla/5.0 (Windows NT 10.0; Win64; x64) AppleWebKit/537.36 (KHTML, like Gecko) Chrome/79.0.3945.88 Safari/537.36',
  'upgrade-insecure-requests' => '1',
  'cache-control' => 'max-age=0',
  'connection' => 'close',
  'host' => 'www.tp5-api.com',
)
[ info ] [ PARAM ] array (
  'api/index/main' => '',
)
[ info ] [ RUN ] app\api\controller\Index->main[ D:\Project\xingtu_dongliuwulian\TP-vue-admin\tp5-api\application\api\controller\Index.php ]
[ info ] [ DB ] INIT mysql
[ info ] [ LOG ] INIT File
---------------------------------------------------------------
[ 2019-12-31T17:21:46+08:00 ] 127.0.0.1 GET www.tp5-api.com/api/index/main
[运行时间：3.079254s] [吞吐率：0.32req/s] [内存消耗：2,863.39kb] [文件加载：64]
[ info ] [ LANG ] D:\Project\xingtu_dongliuwulian\TP-vue-admin\tp5-api\thinkphp\lang\zh-cn.php
[ info ] [ ROUTE ] array (
  'type' => 'module',
  'module' => 
  array (
    0 => 'api',
    1 => 'index',
    2 => 'main',
  ),
)
[ info ] [ HEADER ] array (
  'accept-language' => 'zh-CN,zh;q=0.9',
  'accept-encoding' => 'gzip, deflate',
  'accept' => 'text/html,application/xhtml+xml,application/xml;q=0.9,image/webp,image/apng,*/*;q=0.8,application/signed-exchange;v=b3;q=0.9',
  'user-agent' => 'Mozilla/5.0 (Windows NT 10.0; Win64; x64) AppleWebKit/537.36 (KHTML, like Gecko) Chrome/79.0.3945.88 Safari/537.36',
  'upgrade-insecure-requests' => '1',
  'cache-control' => 'max-age=0',
  'connection' => 'close',
  'host' => 'www.tp5-api.com',
)
[ info ] [ PARAM ] array (
  'api/index/main' => '',
)
[ info ] [ RUN ] app\api\controller\Index->main[ D:\Project\xingtu_dongliuwulian\TP-vue-admin\tp5-api\application\api\controller\Index.php ]
[ info ] [ DB ] INIT mysql
[ info ] [ LOG ] INIT File
---------------------------------------------------------------
[ 2019-12-31T17:22:15+08:00 ] 127.0.0.1 GET www.tp5-api.com/api/index/main
[运行时间：3.201983s] [吞吐率：0.31req/s] [内存消耗：2,869.98kb] [文件加载：63]
[ info ] [ LANG ] D:\Project\xingtu_dongliuwulian\TP-vue-admin\tp5-api\thinkphp\lang\zh-cn.php
[ info ] [ ROUTE ] array (
  'type' => 'module',
  'module' => 
  array (
    0 => 'api',
    1 => 'index',
    2 => 'main',
  ),
)
[ info ] [ HEADER ] array (
  'accept-language' => 'zh-CN,zh;q=0.9',
  'accept-encoding' => 'gzip, deflate',
  'accept' => 'text/html,application/xhtml+xml,application/xml;q=0.9,image/webp,image/apng,*/*;q=0.8,application/signed-exchange;v=b3;q=0.9',
  'user-agent' => 'Mozilla/5.0 (Windows NT 10.0; Win64; x64) AppleWebKit/537.36 (KHTML, like Gecko) Chrome/79.0.3945.88 Safari/537.36',
  'upgrade-insecure-requests' => '1',
  'cache-control' => 'max-age=0',
  'connection' => 'close',
  'host' => 'www.tp5-api.com',
)
[ info ] [ PARAM ] array (
  'api/index/main' => '',
)
[ info ] [ RUN ] app\api\controller\Index->main[ D:\Project\xingtu_dongliuwulian\TP-vue-admin\tp5-api\application\api\controller\Index.php ]
[ info ] [ DB ] INIT mysql
[ info ] [ LOG ] INIT File
---------------------------------------------------------------
[ 2019-12-31T17:28:51+08:00 ] 127.0.0.1 GET www.tp5-api.com/api/index/main
[运行时间：4.575414s] [吞吐率：0.22req/s] [内存消耗：2,906.86kb] [文件加载：62]
[ info ] [ LANG ] D:\Project\xingtu_dongliuwulian\TP-vue-admin\tp5-api\thinkphp\lang\zh-cn.php
[ info ] [ ROUTE ] array (
  'type' => 'module',
  'module' => 
  array (
    0 => 'api',
    1 => 'index',
    2 => 'main',
  ),
)
[ info ] [ HEADER ] array (
  'accept-language' => 'zh-CN,zh;q=0.9',
  'accept-encoding' => 'gzip, deflate',
  'accept' => 'text/html,application/xhtml+xml,application/xml;q=0.9,image/webp,image/apng,*/*;q=0.8,application/signed-exchange;v=b3;q=0.9',
  'user-agent' => 'Mozilla/5.0 (Windows NT 10.0; Win64; x64) AppleWebKit/537.36 (KHTML, like Gecko) Chrome/79.0.3945.88 Safari/537.36',
  'upgrade-insecure-requests' => '1',
  'cache-control' => 'max-age=0',
  'connection' => 'close',
  'host' => 'www.tp5-api.com',
)
[ info ] [ PARAM ] array (
  'api/index/main' => '',
)
[ info ] [ RUN ] app\api\controller\Index->main[ D:\Project\xingtu_dongliuwulian\TP-vue-admin\tp5-api\application\api\controller\Index.php ]
[ info ] [ DB ] INIT mysql
[ info ] [ LOG ] INIT File
---------------------------------------------------------------
[ 2019-12-31T17:29:27+08:00 ] 127.0.0.1 GET www.tp5-api.com/api/index/main
[运行时间：4.885736s] [吞吐率：0.20req/s] [内存消耗：2,869.16kb] [文件加载：63]
[ info ] [ LANG ] D:\Project\xingtu_dongliuwulian\TP-vue-admin\tp5-api\thinkphp\lang\zh-cn.php
[ info ] [ ROUTE ] array (
  'type' => 'module',
  'module' => 
  array (
    0 => 'api',
    1 => 'index',
    2 => 'main',
  ),
)
[ info ] [ HEADER ] array (
  'accept-language' => 'zh-CN,zh;q=0.9',
  'accept-encoding' => 'gzip, deflate',
  'accept' => 'text/html,application/xhtml+xml,application/xml;q=0.9,image/webp,image/apng,*/*;q=0.8,application/signed-exchange;v=b3;q=0.9',
  'user-agent' => 'Mozilla/5.0 (Windows NT 10.0; Win64; x64) AppleWebKit/537.36 (KHTML, like Gecko) Chrome/79.0.3945.88 Safari/537.36',
  'upgrade-insecure-requests' => '1',
  'cache-control' => 'max-age=0',
  'connection' => 'close',
  'host' => 'www.tp5-api.com',
)
[ info ] [ PARAM ] array (
  'api/index/main' => '',
)
[ info ] [ RUN ] app\api\controller\Index->main[ D:\Project\xingtu_dongliuwulian\TP-vue-admin\tp5-api\application\api\controller\Index.php ]
[ info ] [ DB ] INIT mysql
[ info ] [ LOG ] INIT File
---------------------------------------------------------------
[ 2019-12-31T17:31:47+08:00 ] 127.0.0.1 GET www.tp5-api.com/api/index/main
[运行时间：4.818376s] [吞吐率：0.21req/s] [内存消耗：2,891.35kb] [文件加载：63]
[ info ] [ LANG ] D:\Project\xingtu_dongliuwulian\TP-vue-admin\tp5-api\thinkphp\lang\zh-cn.php
[ info ] [ ROUTE ] array (
  'type' => 'module',
  'module' => 
  array (
    0 => 'api',
    1 => 'index',
    2 => 'main',
  ),
)
[ info ] [ HEADER ] array (
  'accept-language' => 'zh-CN,zh;q=0.9',
  'accept-encoding' => 'gzip, deflate',
  'accept' => 'text/html,application/xhtml+xml,application/xml;q=0.9,image/webp,image/apng,*/*;q=0.8,application/signed-exchange;v=b3;q=0.9',
  'user-agent' => 'Mozilla/5.0 (Windows NT 10.0; Win64; x64) AppleWebKit/537.36 (KHTML, like Gecko) Chrome/79.0.3945.88 Safari/537.36',
  'upgrade-insecure-requests' => '1',
  'cache-control' => 'max-age=0',
  'connection' => 'close',
  'host' => 'www.tp5-api.com',
)
[ info ] [ PARAM ] array (
  'api/index/main' => '',
)
[ info ] [ RUN ] app\api\controller\Index->main[ D:\Project\xingtu_dongliuwulian\TP-vue-admin\tp5-api\application\api\controller\Index.php ]
[ info ] [ DB ] INIT mysql
[ info ] [ LOG ] INIT File
---------------------------------------------------------------
[ 2019-12-31T17:45:19+08:00 ] 127.0.0.1 GET www.tp5-api.com/api/index/main
[运行时间：3.178257s] [吞吐率：0.31req/s] [内存消耗：2,874.36kb] [文件加载：63]
[ info ] [ LANG ] D:\Project\xingtu_dongliuwulian\TP-vue-admin\tp5-api\thinkphp\lang\zh-cn.php
[ info ] [ ROUTE ] array (
  'type' => 'module',
  'module' => 
  array (
    0 => 'api',
    1 => 'index',
    2 => 'main',
  ),
)
[ info ] [ HEADER ] array (
  'accept-language' => 'zh-CN,zh;q=0.9',
  'accept-encoding' => 'gzip, deflate',
  'accept' => 'text/html,application/xhtml+xml,application/xml;q=0.9,image/webp,image/apng,*/*;q=0.8,application/signed-exchange;v=b3;q=0.9',
  'user-agent' => 'Mozilla/5.0 (Windows NT 10.0; Win64; x64) AppleWebKit/537.36 (KHTML, like Gecko) Chrome/79.0.3945.88 Safari/537.36',
  'upgrade-insecure-requests' => '1',
  'cache-control' => 'max-age=0',
  'connection' => 'close',
  'host' => 'www.tp5-api.com',
)
[ info ] [ PARAM ] array (
  'api/index/main' => '',
)
[ info ] [ RUN ] app\api\controller\Index->main[ D:\Project\xingtu_dongliuwulian\TP-vue-admin\tp5-api\application\api\controller\Index.php ]
[ info ] [ DB ] INIT mysql
[ info ] [ LOG ] INIT File
---------------------------------------------------------------
[ 2019-12-31T17:46:07+08:00 ] 127.0.0.1 GET www.tp5-api.com/api/index/main
[运行时间：3.086473s] [吞吐率：0.32req/s] [内存消耗：2,874.41kb] [文件加载：63]
[ info ] [ LANG ] D:\Project\xingtu_dongliuwulian\TP-vue-admin\tp5-api\thinkphp\lang\zh-cn.php
[ info ] [ ROUTE ] array (
  'type' => 'module',
  'module' => 
  array (
    0 => 'api',
    1 => 'index',
    2 => 'main',
  ),
)
[ info ] [ HEADER ] array (
  'accept-language' => 'zh-CN,zh;q=0.9',
  'accept-encoding' => 'gzip, deflate',
  'accept' => 'text/html,application/xhtml+xml,application/xml;q=0.9,image/webp,image/apng,*/*;q=0.8,application/signed-exchange;v=b3;q=0.9',
  'user-agent' => 'Mozilla/5.0 (Windows NT 10.0; Win64; x64) AppleWebKit/537.36 (KHTML, like Gecko) Chrome/79.0.3945.88 Safari/537.36',
  'upgrade-insecure-requests' => '1',
  'cache-control' => 'max-age=0',
  'connection' => 'close',
  'host' => 'www.tp5-api.com',
)
[ info ] [ PARAM ] array (
  'api/index/main' => '',
)
[ info ] [ RUN ] app\api\controller\Index->main[ D:\Project\xingtu_dongliuwulian\TP-vue-admin\tp5-api\application\api\controller\Index.php ]
[ info ] [ DB ] INIT mysql
[ info ] [ LOG ] INIT File
---------------------------------------------------------------
[ 2019-12-31T17:46:25+08:00 ] 127.0.0.1 GET www.tp5-api.com/api/index/main
[运行时间：4.827701s] [吞吐率：0.21req/s] [内存消耗：2,874.95kb] [文件加载：63]
[ info ] [ LANG ] D:\Project\xingtu_dongliuwulian\TP-vue-admin\tp5-api\thinkphp\lang\zh-cn.php
[ info ] [ ROUTE ] array (
  'type' => 'module',
  'module' => 
  array (
    0 => 'api',
    1 => 'index',
    2 => 'main',
  ),
)
[ info ] [ HEADER ] array (
  'accept-language' => 'zh-CN,zh;q=0.9',
  'accept-encoding' => 'gzip, deflate',
  'accept' => 'text/html,application/xhtml+xml,application/xml;q=0.9,image/webp,image/apng,*/*;q=0.8,application/signed-exchange;v=b3;q=0.9',
  'user-agent' => 'Mozilla/5.0 (Windows NT 10.0; Win64; x64) AppleWebKit/537.36 (KHTML, like Gecko) Chrome/79.0.3945.88 Safari/537.36',
  'upgrade-insecure-requests' => '1',
  'cache-control' => 'max-age=0',
  'connection' => 'close',
  'host' => 'www.tp5-api.com',
)
[ info ] [ PARAM ] array (
  'api/index/main' => '',
)
[ info ] [ RUN ] app\api\controller\Index->main[ D:\Project\xingtu_dongliuwulian\TP-vue-admin\tp5-api\application\api\controller\Index.php ]
[ info ] [ DB ] INIT mysql
[ info ] [ LOG ] INIT File
---------------------------------------------------------------
[ 2019-12-31T17:46:45+08:00 ] 127.0.0.1 GET www.tp5-api.com/api/index/main
[运行时间：4.687652s] [吞吐率：0.21req/s] [内存消耗：2,883.34kb] [文件加载：64]
[ info ] [ LANG ] D:\Project\xingtu_dongliuwulian\TP-vue-admin\tp5-api\thinkphp\lang\zh-cn.php
[ info ] [ ROUTE ] array (
  'type' => 'module',
  'module' => 
  array (
    0 => 'api',
    1 => 'index',
    2 => 'main',
  ),
)
[ info ] [ HEADER ] array (
  'accept-language' => 'zh-CN,zh;q=0.9',
  'accept-encoding' => 'gzip, deflate',
  'accept' => 'text/html,application/xhtml+xml,application/xml;q=0.9,image/webp,image/apng,*/*;q=0.8,application/signed-exchange;v=b3;q=0.9',
  'user-agent' => 'Mozilla/5.0 (Windows NT 10.0; Win64; x64) AppleWebKit/537.36 (KHTML, like Gecko) Chrome/79.0.3945.88 Safari/537.36',
  'upgrade-insecure-requests' => '1',
  'cache-control' => 'max-age=0',
  'connection' => 'close',
  'host' => 'www.tp5-api.com',
)
[ info ] [ PARAM ] array (
  'api/index/main' => '',
)
[ info ] [ RUN ] app\api\controller\Index->main[ D:\Project\xingtu_dongliuwulian\TP-vue-admin\tp5-api\application\api\controller\Index.php ]
[ info ] [ DB ] INIT mysql
[ info ] [ LOG ] INIT File
---------------------------------------------------------------
[ 2019-12-31T17:48:03+08:00 ] 127.0.0.1 GET www.tp5-api.com/api/index/main
[运行时间：5.927722s] [吞吐率：0.17req/s] [内存消耗：2,913.54kb] [文件加载：63]
[ info ] [ LANG ] D:\Project\xingtu_dongliuwulian\TP-vue-admin\tp5-api\thinkphp\lang\zh-cn.php
[ info ] [ ROUTE ] array (
  'type' => 'module',
  'module' => 
  array (
    0 => 'api',
    1 => 'index',
    2 => 'main',
  ),
)
[ info ] [ HEADER ] array (
  'accept-language' => 'zh-CN,zh;q=0.9',
  'accept-encoding' => 'gzip, deflate',
  'accept' => 'text/html,application/xhtml+xml,application/xml;q=0.9,image/webp,image/apng,*/*;q=0.8,application/signed-exchange;v=b3;q=0.9',
  'user-agent' => 'Mozilla/5.0 (Windows NT 10.0; Win64; x64) AppleWebKit/537.36 (KHTML, like Gecko) Chrome/79.0.3945.88 Safari/537.36',
  'upgrade-insecure-requests' => '1',
  'cache-control' => 'max-age=0',
  'connection' => 'close',
  'host' => 'www.tp5-api.com',
)
[ info ] [ PARAM ] array (
  'api/index/main' => '',
)
[ info ] [ RUN ] app\api\controller\Index->main[ D:\Project\xingtu_dongliuwulian\TP-vue-admin\tp5-api\application\api\controller\Index.php ]
[ info ] [ DB ] INIT mysql
[ info ] [ LOG ] INIT File
