---------------------------------------------------------------
[ 2019-12-31T17:21:04+08:00 ] 127.0.0.1 GET www.tp5-api.com/api/index/main
[ sql ] [ DB ] CONNECT:[ UseTime:0.227453s ] mysql:host=rm-bp1813j5rjfd6hu3b2o.mysql.rds.aliyuncs.com;port=3306;dbname=ddcnew;charset=utf8mb4
[ sql ] [ SQL ] SHOW COLUMNS FROM `d_order` [ RunTime:0.097163s ]
[ sql ] [ SQL ] SELECT COUNT(*) AS tp_count FROM `d_order` WHERE  ( `start_time` > 1577721600 AND `start_time` < 1577807999 ) LIMIT 1 [ RunTime:0.097349s ]
[ sql ] [ SQL ] SELECT SUM(pay_price) AS tp_sum FROM `d_order` WHERE  ( `start_time` > 1577721600 AND `start_time` < 1577807999 )  AND `is_pay` = 1 LIMIT 1 [ RunTime:0.094459s ]
[ sql ] [ SQL ] SELECT SUM(pay_price) AS tp_sum FROM `d_order` WHERE  ( `start_time` > 1577721600 AND `start_time` < 1577807999 )  AND `is_pay` = 2 LIMIT 1 [ RunTime:0.094520s ]
[ sql ] [ SQL ] SHOW COLUMNS FROM `d_user` [ RunTime:0.096244s ]
[ sql ] [ SQL ] SELECT COUNT(*) AS tp_count FROM `d_user` LIMIT 1 [ RunTime:0.094667s ]
[ sql ] [ SQL ] SELECT COUNT(*) AS tp_count FROM `d_user` WHERE  `is_proxy` = 1 LIMIT 1 [ RunTime:0.094751s ]
[ sql ] [ SQL ] SELECT COUNT(*) AS tp_count FROM `d_user` WHERE  `is_proxy` = 2 LIMIT 1 [ RunTime:0.094922s ]
[ sql ] [ SQL ] SHOW COLUMNS FROM `d_car` [ RunTime:0.096583s ]
[ sql ] [ SQL ] SELECT COUNT(*) AS tp_count FROM `d_car` LIMIT 1 [ RunTime:0.094607s ]
[ sql ] [ SQL ] SHOW COLUMNS FROM `d_malfunction` [ RunTime:0.095794s ]
[ sql ] [ SQL ] SELECT COUNT(*) AS tp_count FROM `d_malfunction` WHERE  `state` = 2 LIMIT 1 [ RunTime:0.093973s ]
[ sql ] [ SQL ] SELECT COUNT(*) AS tp_count FROM `d_malfunction` WHERE  `state` = 0 LIMIT 1 [ RunTime:0.094573s ]
[ sql ] [ SQL ] SELECT COUNT(*) AS tp_count FROM `d_user` WHERE  ( `addtime` > 1577635200 AND `addtime` < 1577721600 ) LIMIT 1 [ RunTime:0.094889s ]
[ sql ] [ SQL ] SELECT COUNT(*) AS tp_count FROM `d_user` WHERE  ( `addtime` > 1577721600 AND `addtime` < 1577808000 ) LIMIT 1 [ RunTime:0.094483s ]
[ sql ] [ SQL ] SELECT COUNT(*) AS tp_count FROM `d_user` WHERE  ( `addtime` > 1577808000 AND `addtime` < 1577894400 ) LIMIT 1 [ RunTime:0.100551s ]
[ sql ] [ SQL ] SELECT COUNT(*) AS tp_count FROM `d_user` WHERE  ( `addtime` > 1577894400 AND `addtime` < 1577980800 ) LIMIT 1 [ RunTime:0.095524s ]
[ sql ] [ SQL ] SELECT COUNT(*) AS tp_count FROM `d_user` WHERE  ( `addtime` > 1577980800 AND `addtime` < 1578067200 ) LIMIT 1 [ RunTime:0.094546s ]
[ sql ] [ SQL ] SELECT COUNT(*) AS tp_count FROM `d_user` WHERE  ( `addtime` > 1578067200 AND `addtime` < 1578153600 ) LIMIT 1 [ RunTime:0.094509s ]
[ sql ] [ SQL ] SELECT COUNT(*) AS tp_count FROM `d_user` WHERE  ( `addtime` > 1578153600 AND `addtime` < 1578240000 ) LIMIT 1 [ RunTime:0.094707s ]
[ sql ] [ SQL ] SELECT COUNT(*) AS tp_count FROM `d_order` WHERE  ( `start_time` > 1575129600 AND `start_time` < 1577721600 ) LIMIT 1 [ RunTime:0.096469s ]
[ sql ] [ SQL ] SELECT COUNT(*) AS tp_count FROM `d_order` WHERE  ( `start_time` > 1572537600 AND `start_time` < 1575043200 ) LIMIT 1 [ RunTime:0.094688s ]
[ sql ] [ SQL ] SELECT COUNT(*) AS tp_count FROM `d_order` WHERE  ( `start_time` > 1569859200 AND `start_time` < 1572451200 ) LIMIT 1 [ RunTime:0.094772s ]
[ sql ] [ SQL ] SELECT COUNT(*) AS tp_count FROM `d_order` WHERE  ( `start_time` > 1567267200 AND `start_time` < 1569772800 ) LIMIT 1 [ RunTime:0.094810s ]
[ sql ] [ SQL ] SELECT COUNT(*) AS tp_count FROM `d_order` WHERE  ( `start_time` > 1564588800 AND `start_time` < 1567180800 ) LIMIT 1 [ RunTime:0.094646s ]
[ sql ] [ SQL ] SELECT COUNT(*) AS tp_count FROM `d_order` WHERE  ( `start_time` > 1561910400 AND `start_time` < 1564502400 ) LIMIT 1 [ RunTime:0.094852s ]
[ sql ] [ SQL ] SELECT COUNT(*) AS tp_count FROM `d_order` WHERE  ( `start_time` > 1559318400 AND `start_time` < 1561824000 ) LIMIT 1 [ RunTime:0.094910s ]
[ sql ] [ SQL ] SELECT COUNT(*) AS tp_count FROM `d_order` WHERE  ( `start_time` > 1556640000 AND `start_time` < 1559232000 ) LIMIT 1 [ RunTime:0.094915s ]
[ sql ] [ SQL ] SELECT COUNT(*) AS tp_count FROM `d_order` WHERE  ( `start_time` > 1554048000 AND `start_time` < 1556553600 ) LIMIT 1 [ RunTime:0.094968s ]
[ sql ] [ SQL ] SELECT COUNT(*) AS tp_count FROM `d_order` WHERE  ( `start_time` > 1551369600 AND `start_time` < 1553961600 ) LIMIT 1 [ RunTime:0.094267s ]
[ sql ] [ SQL ] SELECT COUNT(*) AS tp_count FROM `d_order` WHERE  ( `start_time` > 1548950400 AND `start_time` < 1551283200 ) LIMIT 1 [ RunTime:0.094695s ]
[ sql ] [ SQL ] SELECT COUNT(*) AS tp_count FROM `d_order` WHERE  ( `start_time` > 1546272000 AND `start_time` < 1548864000 ) LIMIT 1 [ RunTime:0.094402s ]
---------------------------------------------------------------
[ 2019-12-31T17:21:46+08:00 ] 127.0.0.1 GET www.tp5-api.com/api/index/main
[ sql ] [ DB ] CONNECT:[ UseTime:0.132860s ] mysql:host=rm-bp1813j5rjfd6hu3b2o.mysql.rds.aliyuncs.com;port=3306;dbname=ddcnew;charset=utf8mb4
[ sql ] [ SQL ] SHOW COLUMNS FROM `d_order` [ RunTime:0.089853s ]
[ sql ] [ SQL ] SELECT COUNT(*) AS tp_count FROM `d_order` WHERE  ( `start_time` > 1577721600 AND `start_time` < 1577807999 ) LIMIT 1 [ RunTime:0.088168s ]
[ sql ] [ SQL ] SELECT SUM(pay_price) AS tp_sum FROM `d_order` WHERE  ( `start_time` > 1577721600 AND `start_time` < 1577807999 )  AND `is_pay` = 1 LIMIT 1 [ RunTime:0.088567s ]
[ sql ] [ SQL ] SELECT SUM(pay_price) AS tp_sum FROM `d_order` WHERE  ( `start_time` > 1577721600 AND `start_time` < 1577807999 )  AND `is_pay` = 2 LIMIT 1 [ RunTime:0.088302s ]
[ sql ] [ SQL ] SHOW COLUMNS FROM `d_user` [ RunTime:0.089985s ]
[ sql ] [ SQL ] SELECT COUNT(*) AS tp_count FROM `d_user` LIMIT 1 [ RunTime:0.088025s ]
[ sql ] [ SQL ] SELECT COUNT(*) AS tp_count FROM `d_user` WHERE  `is_proxy` = 1 LIMIT 1 [ RunTime:0.088360s ]
[ sql ] [ SQL ] SELECT COUNT(*) AS tp_count FROM `d_user` WHERE  `is_proxy` = 2 LIMIT 1 [ RunTime:0.086936s ]
[ sql ] [ SQL ] SHOW COLUMNS FROM `d_car` [ RunTime:0.090117s ]
[ sql ] [ SQL ] SELECT COUNT(*) AS tp_count FROM `d_car` LIMIT 1 [ RunTime:0.088806s ]
[ sql ] [ SQL ] SHOW COLUMNS FROM `d_malfunction` [ RunTime:0.089863s ]
[ sql ] [ SQL ] SELECT COUNT(*) AS tp_count FROM `d_malfunction` WHERE  `state` = 2 LIMIT 1 [ RunTime:0.088221s ]
[ sql ] [ SQL ] SELECT COUNT(*) AS tp_count FROM `d_malfunction` WHERE  `state` = 0 LIMIT 1 [ RunTime:0.088994s ]
[ sql ] [ SQL ] SELECT COUNT(*) AS tp_count FROM `d_user` WHERE  ( `addtime` > 1577635200 AND `addtime` < 1577721600 ) LIMIT 1 [ RunTime:0.088490s ]
[ sql ] [ SQL ] SELECT COUNT(*) AS tp_count FROM `d_user` WHERE  ( `addtime` > 1577721600 AND `addtime` < 1577808000 ) LIMIT 1 [ RunTime:0.088317s ]
[ sql ] [ SQL ] SELECT COUNT(*) AS tp_count FROM `d_user` WHERE  ( `addtime` > 1577808000 AND `addtime` < 1577894400 ) LIMIT 1 [ RunTime:0.088659s ]
[ sql ] [ SQL ] SELECT COUNT(*) AS tp_count FROM `d_user` WHERE  ( `addtime` > 1577894400 AND `addtime` < 1577980800 ) LIMIT 1 [ RunTime:0.088375s ]
[ sql ] [ SQL ] SELECT COUNT(*) AS tp_count FROM `d_user` WHERE  ( `addtime` > 1577980800 AND `addtime` < 1578067200 ) LIMIT 1 [ RunTime:0.088669s ]
[ sql ] [ SQL ] SELECT COUNT(*) AS tp_count FROM `d_user` WHERE  ( `addtime` > 1578067200 AND `addtime` < 1578153600 ) LIMIT 1 [ RunTime:0.088148s ]
[ sql ] [ SQL ] SELECT COUNT(*) AS tp_count FROM `d_user` WHERE  ( `addtime` > 1578153600 AND `addtime` < 1578240000 ) LIMIT 1 [ RunTime:0.088736s ]
[ sql ] [ SQL ] SELECT COUNT(*) AS tp_count FROM `d_order` WHERE  ( `start_time` > 1575129600 AND `start_time` < 1577721600 ) LIMIT 1 [ RunTime:0.088798s ]
[ sql ] [ SQL ] SELECT COUNT(*) AS tp_count FROM `d_order` WHERE  ( `start_time` > 1572537600 AND `start_time` < 1575043200 ) LIMIT 1 [ RunTime:0.088633s ]
[ sql ] [ SQL ] SELECT COUNT(*) AS tp_count FROM `d_order` WHERE  ( `start_time` > 1569859200 AND `start_time` < 1572451200 ) LIMIT 1 [ RunTime:0.088402s ]
[ sql ] [ SQL ] SELECT COUNT(*) AS tp_count FROM `d_order` WHERE  ( `start_time` > 1567267200 AND `start_time` < 1569772800 ) LIMIT 1 [ RunTime:0.089023s ]
[ sql ] [ SQL ] SELECT COUNT(*) AS tp_count FROM `d_order` WHERE  ( `start_time` > 1564588800 AND `start_time` < 1567180800 ) LIMIT 1 [ RunTime:0.089029s ]
[ sql ] [ SQL ] SELECT COUNT(*) AS tp_count FROM `d_order` WHERE  ( `start_time` > 1561910400 AND `start_time` < 1564502400 ) LIMIT 1 [ RunTime:0.088747s ]
[ sql ] [ SQL ] SELECT COUNT(*) AS tp_count FROM `d_order` WHERE  ( `start_time` > 1559318400 AND `start_time` < 1561824000 ) LIMIT 1 [ RunTime:0.088908s ]
[ sql ] [ SQL ] SELECT COUNT(*) AS tp_count FROM `d_order` WHERE  ( `start_time` > 1556640000 AND `start_time` < 1559232000 ) LIMIT 1 [ RunTime:0.088873s ]
[ sql ] [ SQL ] SELECT COUNT(*) AS tp_count FROM `d_order` WHERE  ( `start_time` > 1554048000 AND `start_time` < 1556553600 ) LIMIT 1 [ RunTime:0.088203s ]
[ sql ] [ SQL ] SELECT COUNT(*) AS tp_count FROM `d_order` WHERE  ( `start_time` > 1551369600 AND `start_time` < 1553961600 ) LIMIT 1 [ RunTime:0.089964s ]
[ sql ] [ SQL ] SELECT COUNT(*) AS tp_count FROM `d_order` WHERE  ( `start_time` > 1548950400 AND `start_time` < 1551283200 ) LIMIT 1 [ RunTime:0.088876s ]
[ sql ] [ SQL ] SELECT COUNT(*) AS tp_count FROM `d_order` WHERE  ( `start_time` > 1546272000 AND `start_time` < 1548864000 ) LIMIT 1 [ RunTime:0.088794s ]
---------------------------------------------------------------
[ 2019-12-31T17:22:15+08:00 ] 127.0.0.1 GET www.tp5-api.com/api/index/main
[ sql ] [ DB ] CONNECT:[ UseTime:0.215148s ] mysql:host=rm-bp1813j5rjfd6hu3b2o.mysql.rds.aliyuncs.com;port=3306;dbname=ddcnew;charset=utf8mb4
[ sql ] [ SQL ] SHOW COLUMNS FROM `d_order` [ RunTime:0.091141s ]
[ sql ] [ SQL ] SELECT COUNT(*) AS tp_count FROM `d_order` WHERE  ( `start_time` > 1577721600 AND `start_time` < 1577807999 ) LIMIT 1 [ RunTime:0.088503s ]
[ sql ] [ SQL ] SELECT SUM(pay_price) AS tp_sum FROM `d_order` WHERE  ( `start_time` > 1577721600 AND `start_time` < 1577807999 )  AND `is_pay` = 1 LIMIT 1 [ RunTime:0.088838s ]
[ sql ] [ SQL ] SELECT SUM(pay_price) AS tp_sum FROM `d_order` WHERE  ( `start_time` > 1577721600 AND `start_time` < 1577807999 )  AND `is_pay` = 2 LIMIT 1 [ RunTime:0.089715s ]
[ sql ] [ SQL ] SHOW COLUMNS FROM `d_user` [ RunTime:0.090538s ]
[ sql ] [ SQL ] SELECT COUNT(*) AS tp_count FROM `d_user` LIMIT 1 [ RunTime:0.089058s ]
[ sql ] [ SQL ] SELECT COUNT(*) AS tp_count FROM `d_user` WHERE  `is_proxy` = 1 LIMIT 1 [ RunTime:0.090340s ]
[ sql ] [ SQL ] SELECT COUNT(*) AS tp_count FROM `d_user` WHERE  `is_proxy` = 2 LIMIT 1 [ RunTime:0.090291s ]
[ sql ] [ SQL ] SHOW COLUMNS FROM `d_car` [ RunTime:0.090845s ]
[ sql ] [ SQL ] SELECT COUNT(*) AS tp_count FROM `d_car` LIMIT 1 [ RunTime:0.089547s ]
[ sql ] [ SQL ] SHOW COLUMNS FROM `d_malfunction` [ RunTime:0.091689s ]
[ sql ] [ SQL ] SELECT COUNT(*) AS tp_count FROM `d_malfunction` WHERE  `state` = 2 LIMIT 1 [ RunTime:0.092487s ]
[ sql ] [ SQL ] SELECT COUNT(*) AS tp_count FROM `d_malfunction` WHERE  `state` = 0 LIMIT 1 [ RunTime:0.088633s ]
[ sql ] [ SQL ] SELECT COUNT(*) AS tp_count FROM `d_user` WHERE  ( `addtime` > 1577635200 AND `addtime` < 1577721600 ) LIMIT 1 [ RunTime:0.088622s ]
[ sql ] [ SQL ] SELECT COUNT(*) AS tp_count FROM `d_user` WHERE  ( `addtime` > 1577721600 AND `addtime` < 1577808000 ) LIMIT 1 [ RunTime:0.089179s ]
[ sql ] [ SQL ] SELECT COUNT(*) AS tp_count FROM `d_user` WHERE  ( `addtime` > 1577808000 AND `addtime` < 1577894400 ) LIMIT 1 [ RunTime:0.088584s ]
[ sql ] [ SQL ] SELECT COUNT(*) AS tp_count FROM `d_user` WHERE  ( `addtime` > 1577894400 AND `addtime` < 1577980800 ) LIMIT 1 [ RunTime:0.089862s ]
[ sql ] [ SQL ] SELECT COUNT(*) AS tp_count FROM `d_user` WHERE  ( `addtime` > 1577980800 AND `addtime` < 1578067200 ) LIMIT 1 [ RunTime:0.089337s ]
[ sql ] [ SQL ] SELECT COUNT(*) AS tp_count FROM `d_user` WHERE  ( `addtime` > 1578067200 AND `addtime` < 1578153600 ) LIMIT 1 [ RunTime:0.089050s ]
[ sql ] [ SQL ] SELECT COUNT(*) AS tp_count FROM `d_user` WHERE  ( `addtime` > 1578153600 AND `addtime` < 1578240000 ) LIMIT 1 [ RunTime:0.089610s ]
[ sql ] [ SQL ] SELECT COUNT(*) AS tp_count FROM `d_order` WHERE  ( `start_time` > 1575129600 AND `start_time` < 1577721600 ) LIMIT 1 [ RunTime:0.090372s ]
[ sql ] [ SQL ] SELECT COUNT(*) AS tp_count FROM `d_order` WHERE  ( `start_time` > 1572537600 AND `start_time` < 1575043200 ) LIMIT 1 [ RunTime:0.089279s ]
[ sql ] [ SQL ] SELECT COUNT(*) AS tp_count FROM `d_order` WHERE  ( `start_time` > 1569859200 AND `start_time` < 1572451200 ) LIMIT 1 [ RunTime:0.089210s ]
[ sql ] [ SQL ] SELECT COUNT(*) AS tp_count FROM `d_order` WHERE  ( `start_time` > 1567267200 AND `start_time` < 1569772800 ) LIMIT 1 [ RunTime:0.089175s ]
[ sql ] [ SQL ] SELECT COUNT(*) AS tp_count FROM `d_order` WHERE  ( `start_time` > 1564588800 AND `start_time` < 1567180800 ) LIMIT 1 [ RunTime:0.089794s ]
[ sql ] [ SQL ] SELECT COUNT(*) AS tp_count FROM `d_order` WHERE  ( `start_time` > 1561910400 AND `start_time` < 1564502400 ) LIMIT 1 [ RunTime:0.089094s ]
[ sql ] [ SQL ] SELECT COUNT(*) AS tp_count FROM `d_order` WHERE  ( `start_time` > 1559318400 AND `start_time` < 1561824000 ) LIMIT 1 [ RunTime:0.089069s ]
[ sql ] [ SQL ] SELECT COUNT(*) AS tp_count FROM `d_order` WHERE  ( `start_time` > 1556640000 AND `start_time` < 1559232000 ) LIMIT 1 [ RunTime:0.089102s ]
[ sql ] [ SQL ] SELECT COUNT(*) AS tp_count FROM `d_order` WHERE  ( `start_time` > 1554048000 AND `start_time` < 1556553600 ) LIMIT 1 [ RunTime:0.088757s ]
[ sql ] [ SQL ] SELECT COUNT(*) AS tp_count FROM `d_order` WHERE  ( `start_time` > 1551369600 AND `start_time` < 1553961600 ) LIMIT 1 [ RunTime:0.088831s ]
[ sql ] [ SQL ] SELECT COUNT(*) AS tp_count FROM `d_order` WHERE  ( `start_time` > 1548950400 AND `start_time` < 1551283200 ) LIMIT 1 [ RunTime:0.088780s ]
[ sql ] [ SQL ] SELECT COUNT(*) AS tp_count FROM `d_order` WHERE  ( `start_time` > 1546272000 AND `start_time` < 1548864000 ) LIMIT 1 [ RunTime:0.091051s ]
---------------------------------------------------------------
[ 2019-12-31T17:28:51+08:00 ] 127.0.0.1 GET www.tp5-api.com/api/index/main
[ sql ] [ DB ] CONNECT:[ UseTime:0.170528s ] mysql:host=rm-bp1813j5rjfd6hu3b2o.mysql.rds.aliyuncs.com;port=3306;dbname=ddcnew;charset=utf8mb4
[ sql ] [ SQL ] SHOW COLUMNS FROM `d_order` [ RunTime:0.086753s ]
[ sql ] [ SQL ] SELECT COUNT(*) AS tp_count FROM `d_order` WHERE  ( `start_time` > 1577721600 AND `start_time` < 1577807999 ) LIMIT 1 [ RunTime:0.086704s ]
[ sql ] [ SQL ] SELECT SUM(pay_price) AS tp_sum FROM `d_order` WHERE  ( `start_time` > 1577721600 AND `start_time` < 1577807999 )  AND `is_pay` = 1 LIMIT 1 [ RunTime:0.085643s ]
[ sql ] [ SQL ] SELECT SUM(pay_price) AS tp_sum FROM `d_order` WHERE  ( `start_time` > 1577721600 AND `start_time` < 1577807999 )  AND `is_pay` = 2 LIMIT 1 [ RunTime:0.085386s ]
[ sql ] [ SQL ] SHOW COLUMNS FROM `d_user` [ RunTime:0.086812s ]
[ sql ] [ SQL ] SELECT COUNT(*) AS tp_count FROM `d_user` LIMIT 1 [ RunTime:0.085553s ]
[ sql ] [ SQL ] SELECT COUNT(*) AS tp_count FROM `d_user` WHERE  `is_proxy` = 1 LIMIT 1 [ RunTime:0.088482s ]
[ sql ] [ SQL ] SELECT COUNT(*) AS tp_count FROM `d_user` WHERE  `is_proxy` = 2 LIMIT 1 [ RunTime:0.086380s ]
[ sql ] [ SQL ] SHOW COLUMNS FROM `d_car` [ RunTime:0.087633s ]
[ sql ] [ SQL ] SELECT COUNT(*) AS tp_count FROM `d_car` LIMIT 1 [ RunTime:0.084927s ]
[ sql ] [ SQL ] SHOW COLUMNS FROM `d_malfunction` [ RunTime:0.086692s ]
[ sql ] [ SQL ] SELECT COUNT(*) AS tp_count FROM `d_malfunction` WHERE  `state` = 2 LIMIT 1 [ RunTime:0.084660s ]
[ sql ] [ SQL ] SELECT COUNT(*) AS tp_count FROM `d_malfunction` WHERE  `state` = 0 LIMIT 1 [ RunTime:0.085197s ]
[ sql ] [ SQL ] SELECT COUNT(*) AS tp_count FROM `d_user` WHERE  ( `addtime` > 1577635200 AND `addtime` < 1577721600 ) LIMIT 1 [ RunTime:0.085540s ]
[ sql ] [ SQL ] SELECT COUNT(*) AS tp_count FROM `d_user` WHERE  ( `addtime` > 1577721600 AND `addtime` < 1577808000 ) LIMIT 1 [ RunTime:0.086582s ]
[ sql ] [ SQL ] SELECT COUNT(*) AS tp_count FROM `d_user` WHERE  ( `addtime` > 1577808000 AND `addtime` < 1577894400 ) LIMIT 1 [ RunTime:0.086418s ]
[ sql ] [ SQL ] SELECT COUNT(*) AS tp_count FROM `d_user` WHERE  ( `addtime` > 1577894400 AND `addtime` < 1577980800 ) LIMIT 1 [ RunTime:0.085052s ]
[ sql ] [ SQL ] SELECT COUNT(*) AS tp_count FROM `d_user` WHERE  ( `addtime` > 1577980800 AND `addtime` < 1578067200 ) LIMIT 1 [ RunTime:0.085584s ]
[ sql ] [ SQL ] SELECT COUNT(*) AS tp_count FROM `d_user` WHERE  ( `addtime` > 1578067200 AND `addtime` < 1578153600 ) LIMIT 1 [ RunTime:0.084664s ]
[ sql ] [ SQL ] SELECT COUNT(*) AS tp_count FROM `d_user` WHERE  ( `addtime` > 1578153600 AND `addtime` < 1578240000 ) LIMIT 1 [ RunTime:0.085217s ]
[ sql ] [ SQL ] SELECT COUNT(*) AS tp_count FROM `d_order` WHERE  ( `start_time` > 1575129600 AND `start_time` < 1577721600 ) LIMIT 1 [ RunTime:0.084846s ]
[ sql ] [ SQL ] SELECT COUNT(*) AS tp_count FROM `d_order` WHERE  ( `start_time` > 1572537600 AND `start_time` < 1575043200 ) LIMIT 1 [ RunTime:0.086054s ]
[ sql ] [ SQL ] SELECT COUNT(*) AS tp_count FROM `d_order` WHERE  ( `start_time` > 1569859200 AND `start_time` < 1572451200 ) LIMIT 1 [ RunTime:0.085976s ]
[ sql ] [ SQL ] SELECT COUNT(*) AS tp_count FROM `d_order` WHERE  ( `start_time` > 1567267200 AND `start_time` < 1569772800 ) LIMIT 1 [ RunTime:0.086013s ]
[ sql ] [ SQL ] SELECT COUNT(*) AS tp_count FROM `d_order` WHERE  ( `start_time` > 1564588800 AND `start_time` < 1567180800 ) LIMIT 1 [ RunTime:0.085305s ]
[ sql ] [ SQL ] SELECT COUNT(*) AS tp_count FROM `d_order` WHERE  ( `start_time` > 1561910400 AND `start_time` < 1564502400 ) LIMIT 1 [ RunTime:0.085521s ]
[ sql ] [ SQL ] SELECT COUNT(*) AS tp_count FROM `d_order` WHERE  ( `start_time` > 1559318400 AND `start_time` < 1561824000 ) LIMIT 1 [ RunTime:0.086903s ]
[ sql ] [ SQL ] SELECT COUNT(*) AS tp_count FROM `d_order` WHERE  ( `start_time` > 1556640000 AND `start_time` < 1559232000 ) LIMIT 1 [ RunTime:0.087364s ]
[ sql ] [ SQL ] SELECT COUNT(*) AS tp_count FROM `d_order` WHERE  ( `start_time` > 1554048000 AND `start_time` < 1556553600 ) LIMIT 1 [ RunTime:0.085327s ]
[ sql ] [ SQL ] SELECT COUNT(*) AS tp_count FROM `d_order` WHERE  ( `start_time` > 1551369600 AND `start_time` < 1553961600 ) LIMIT 1 [ RunTime:0.085532s ]
[ sql ] [ SQL ] SELECT COUNT(*) AS tp_count FROM `d_order` WHERE  ( `start_time` > 1548950400 AND `start_time` < 1551283200 ) LIMIT 1 [ RunTime:0.084829s ]
[ sql ] [ SQL ] SELECT COUNT(*) AS tp_count FROM `d_order` WHERE  ( `start_time` > 1546272000 AND `start_time` < 1548864000 ) LIMIT 1 [ RunTime:0.085153s ]
[ sql ] [ SQL ] SELECT COUNT(*) AS tp_count FROM `d_user` WHERE  `id_card` IS NULL LIMIT 1 [ RunTime:0.087192s ]
[ sql ] [ SQL ] SELECT COUNT(*) AS tp_count FROM `d_user` WHERE  `is_phone` = 2 LIMIT 1 [ RunTime:0.085437s ]
[ sql ] [ SQL ] SELECT COUNT(*) AS tp_count FROM `d_user` WHERE  `wechat_open_id` <> '0' LIMIT 1 [ RunTime:0.085150s ]
[ sql ] [ SQL ] SELECT COUNT(*) AS tp_count FROM `d_user` LIMIT 1 [ RunTime:0.085378s ]
[ sql ] [ SQL ] SHOW COLUMNS FROM `d_card` [ RunTime:0.087537s ]
[ sql ] [ SQL ] SELECT COUNT(*) AS tp_count FROM `d_card` WHERE  `end_time` < 1577784530  AND `is_expired` = 0 LIMIT 1 [ RunTime:0.085048s ]
[ sql ] [ SQL ] SHOW COLUMNS FROM `d_deposit_order` [ RunTime:0.087301s ]
[ sql ] [ SQL ] SELECT COUNT(*) AS tp_count FROM `d_deposit_order` WHERE  `pay_time` BETWEEN 2019 AND 2019 LIMIT 1 [ RunTime:0.085334s ]
[ sql ] [ SQL ] SHOW COLUMNS FROM `d_recharge` [ RunTime:0.087236s ]
[ sql ] [ SQL ] SELECT SUM(pay_price) AS tp_sum FROM `d_recharge` WHERE  `time` BETWEEN 2019 AND 2019 LIMIT 1 [ RunTime:0.086063s ]
[ sql ] [ SQL ] SHOW COLUMNS FROM `d_card_order` [ RunTime:0.087488s ]
[ sql ] [ SQL ] SELECT SUM(money) AS tp_sum FROM `d_card_order` WHERE  `pay_time` BETWEEN 2019 AND 2019 LIMIT 1 [ RunTime:0.085405s ]
[ sql ] [ SQL ] SHOW COLUMNS FROM `d_arrears` [ RunTime:0.087143s ]
[ sql ] [ SQL ] SELECT SUM(money) AS tp_sum FROM `d_arrears` WHERE  `money` BETWEEN 2019 AND 2019 LIMIT 1 [ RunTime:0.085422s ]
[ sql ] [ SQL ] SELECT COUNT(*) AS tp_count FROM `d_order` WHERE  `pay_price` > 0 LIMIT 1 [ RunTime:0.085757s ]
[ sql ] [ SQL ] SELECT COUNT(*) AS tp_count FROM `d_order` WHERE  `pay_price` <= 0 LIMIT 1 [ RunTime:0.085108s ]
[ sql ] [ SQL ] SELECT COUNT(*) AS tp_count FROM `d_order` LIMIT 1 [ RunTime:0.085398s ]
[ sql ] [ SQL ] SELECT COUNT(*) AS tp_count FROM `d_car` LIMIT 1 [ RunTime:0.084901s ]
---------------------------------------------------------------
[ 2019-12-31T17:29:27+08:00 ] 127.0.0.1 GET www.tp5-api.com/api/index/main
[ sql ] [ DB ] CONNECT:[ UseTime:0.138731s ] mysql:host=rm-bp1813j5rjfd6hu3b2o.mysql.rds.aliyuncs.com;port=3306;dbname=ddcnew;charset=utf8mb4
[ sql ] [ SQL ] SHOW COLUMNS FROM `d_order` [ RunTime:0.094298s ]
[ sql ] [ SQL ] SELECT COUNT(*) AS tp_count FROM `d_order` WHERE  ( `start_time` > 1577721600 AND `start_time` < 1577807999 ) LIMIT 1 [ RunTime:0.092966s ]
[ sql ] [ SQL ] SELECT SUM(pay_price) AS tp_sum FROM `d_order` WHERE  ( `start_time` > 1577721600 AND `start_time` < 1577807999 )  AND `is_pay` = 1 LIMIT 1 [ RunTime:0.093192s ]
[ sql ] [ SQL ] SELECT SUM(pay_price) AS tp_sum FROM `d_order` WHERE  ( `start_time` > 1577721600 AND `start_time` < 1577807999 )  AND `is_pay` = 2 LIMIT 1 [ RunTime:0.093851s ]
[ sql ] [ SQL ] SHOW COLUMNS FROM `d_user` [ RunTime:0.094368s ]
[ sql ] [ SQL ] SELECT COUNT(*) AS tp_count FROM `d_user` LIMIT 1 [ RunTime:0.093345s ]
[ sql ] [ SQL ] SELECT COUNT(*) AS tp_count FROM `d_user` WHERE  `is_proxy` = 1 LIMIT 1 [ RunTime:0.092673s ]
[ sql ] [ SQL ] SELECT COUNT(*) AS tp_count FROM `d_user` WHERE  `is_proxy` = 2 LIMIT 1 [ RunTime:0.093471s ]
[ sql ] [ SQL ] SHOW COLUMNS FROM `d_car` [ RunTime:0.094418s ]
[ sql ] [ SQL ] SELECT COUNT(*) AS tp_count FROM `d_car` LIMIT 1 [ RunTime:0.091914s ]
[ sql ] [ SQL ] SHOW COLUMNS FROM `d_malfunction` [ RunTime:0.094227s ]
[ sql ] [ SQL ] SELECT COUNT(*) AS tp_count FROM `d_malfunction` WHERE  `state` = 2 LIMIT 1 [ RunTime:0.092435s ]
[ sql ] [ SQL ] SELECT COUNT(*) AS tp_count FROM `d_malfunction` WHERE  `state` = 0 LIMIT 1 [ RunTime:0.092512s ]
[ sql ] [ SQL ] SELECT COUNT(*) AS tp_count FROM `d_user` WHERE  ( `addtime` > 1577635200 AND `addtime` < 1577721600 ) LIMIT 1 [ RunTime:0.092166s ]
[ sql ] [ SQL ] SELECT COUNT(*) AS tp_count FROM `d_user` WHERE  ( `addtime` > 1577721600 AND `addtime` < 1577808000 ) LIMIT 1 [ RunTime:0.091507s ]
[ sql ] [ SQL ] SELECT COUNT(*) AS tp_count FROM `d_user` WHERE  ( `addtime` > 1577808000 AND `addtime` < 1577894400 ) LIMIT 1 [ RunTime:0.092112s ]
[ sql ] [ SQL ] SELECT COUNT(*) AS tp_count FROM `d_user` WHERE  ( `addtime` > 1577894400 AND `addtime` < 1577980800 ) LIMIT 1 [ RunTime:0.092276s ]
[ sql ] [ SQL ] SELECT COUNT(*) AS tp_count FROM `d_user` WHERE  ( `addtime` > 1577980800 AND `addtime` < 1578067200 ) LIMIT 1 [ RunTime:0.091954s ]
[ sql ] [ SQL ] SELECT COUNT(*) AS tp_count FROM `d_user` WHERE  ( `addtime` > 1578067200 AND `addtime` < 1578153600 ) LIMIT 1 [ RunTime:0.092371s ]
[ sql ] [ SQL ] SELECT COUNT(*) AS tp_count FROM `d_user` WHERE  ( `addtime` > 1578153600 AND `addtime` < 1578240000 ) LIMIT 1 [ RunTime:0.092448s ]
[ sql ] [ SQL ] SELECT COUNT(*) AS tp_count FROM `d_order` WHERE  ( `start_time` > 1575129600 AND `start_time` < 1577721600 ) LIMIT 1 [ RunTime:0.093254s ]
[ sql ] [ SQL ] SELECT COUNT(*) AS tp_count FROM `d_order` WHERE  ( `start_time` > 1572537600 AND `start_time` < 1575043200 ) LIMIT 1 [ RunTime:0.092568s ]
[ sql ] [ SQL ] SELECT COUNT(*) AS tp_count FROM `d_order` WHERE  ( `start_time` > 1569859200 AND `start_time` < 1572451200 ) LIMIT 1 [ RunTime:0.092488s ]
[ sql ] [ SQL ] SELECT COUNT(*) AS tp_count FROM `d_order` WHERE  ( `start_time` > 1567267200 AND `start_time` < 1569772800 ) LIMIT 1 [ RunTime:0.093546s ]
[ sql ] [ SQL ] SELECT COUNT(*) AS tp_count FROM `d_order` WHERE  ( `start_time` > 1564588800 AND `start_time` < 1567180800 ) LIMIT 1 [ RunTime:0.092812s ]
[ sql ] [ SQL ] SELECT COUNT(*) AS tp_count FROM `d_order` WHERE  ( `start_time` > 1561910400 AND `start_time` < 1564502400 ) LIMIT 1 [ RunTime:0.093308s ]
[ sql ] [ SQL ] SELECT COUNT(*) AS tp_count FROM `d_order` WHERE  ( `start_time` > 1559318400 AND `start_time` < 1561824000 ) LIMIT 1 [ RunTime:0.092262s ]
[ sql ] [ SQL ] SELECT COUNT(*) AS tp_count FROM `d_order` WHERE  ( `start_time` > 1556640000 AND `start_time` < 1559232000 ) LIMIT 1 [ RunTime:0.092414s ]
[ sql ] [ SQL ] SELECT COUNT(*) AS tp_count FROM `d_order` WHERE  ( `start_time` > 1554048000 AND `start_time` < 1556553600 ) LIMIT 1 [ RunTime:0.092755s ]
[ sql ] [ SQL ] SELECT COUNT(*) AS tp_count FROM `d_order` WHERE  ( `start_time` > 1551369600 AND `start_time` < 1553961600 ) LIMIT 1 [ RunTime:0.092474s ]
[ sql ] [ SQL ] SELECT COUNT(*) AS tp_count FROM `d_order` WHERE  ( `start_time` > 1548950400 AND `start_time` < 1551283200 ) LIMIT 1 [ RunTime:0.092616s ]
[ sql ] [ SQL ] SELECT COUNT(*) AS tp_count FROM `d_order` WHERE  ( `start_time` > 1546272000 AND `start_time` < 1548864000 ) LIMIT 1 [ RunTime:0.091748s ]
[ sql ] [ SQL ] SELECT COUNT(*) AS tp_count FROM `d_user` WHERE  `id_card` IS NULL LIMIT 1 [ RunTime:0.092355s ]
[ sql ] [ SQL ] SELECT COUNT(*) AS tp_count FROM `d_user` WHERE  `is_phone` = 2 LIMIT 1 [ RunTime:0.092262s ]
[ sql ] [ SQL ] SELECT COUNT(*) AS tp_count FROM `d_user` WHERE  `wechat_open_id` <> '0' LIMIT 1 [ RunTime:0.092237s ]
[ sql ] [ SQL ] SELECT COUNT(*) AS tp_count FROM `d_user` LIMIT 1 [ RunTime:0.092911s ]
[ sql ] [ SQL ] SHOW COLUMNS FROM `d_card` [ RunTime:0.093485s ]
[ sql ] [ SQL ] SELECT COUNT(*) AS tp_count FROM `d_card` WHERE  `end_time` < 1577784566  AND `is_expired` = 0 LIMIT 1 [ RunTime:0.092739s ]
[ sql ] [ SQL ] SHOW COLUMNS FROM `d_deposit_order` [ RunTime:0.093070s ]
[ sql ] [ SQL ] SELECT COUNT(*) AS tp_count FROM `d_deposit_order` WHERE  `pay_time` BETWEEN 2019 AND 2019 LIMIT 1 [ RunTime:0.091951s ]
[ sql ] [ SQL ] SHOW COLUMNS FROM `d_recharge` [ RunTime:0.093490s ]
[ sql ] [ SQL ] SELECT SUM(pay_price) AS tp_sum FROM `d_recharge` WHERE  `time` BETWEEN 2019 AND 2019 LIMIT 1 [ RunTime:0.092124s ]
[ sql ] [ SQL ] SHOW COLUMNS FROM `d_card_order` [ RunTime:0.093471s ]
[ sql ] [ SQL ] SELECT SUM(money) AS tp_sum FROM `d_card_order` WHERE  `pay_time` BETWEEN 2019 AND 2019 LIMIT 1 [ RunTime:0.092157s ]
[ sql ] [ SQL ] SHOW COLUMNS FROM `d_arrears` [ RunTime:0.093823s ]
[ sql ] [ SQL ] SELECT SUM(money) AS tp_sum FROM `d_arrears` WHERE  `money` BETWEEN 2019 AND 2019 LIMIT 1 [ RunTime:0.092253s ]
[ sql ] [ SQL ] SELECT COUNT(*) AS tp_count FROM `d_order` WHERE  `pay_price` > 0 LIMIT 1 [ RunTime:0.092612s ]
[ sql ] [ SQL ] SELECT COUNT(*) AS tp_count FROM `d_order` WHERE  `pay_price` <= 0 LIMIT 1 [ RunTime:0.092344s ]
[ sql ] [ SQL ] SELECT COUNT(*) AS tp_count FROM `d_order` LIMIT 1 [ RunTime:0.092634s ]
[ sql ] [ SQL ] SELECT COUNT(*) AS tp_count FROM `d_car` LIMIT 1 [ RunTime:0.091654s ]
---------------------------------------------------------------
[ 2019-12-31T17:31:47+08:00 ] 127.0.0.1 GET www.tp5-api.com/api/index/main
[ sql ] [ DB ] CONNECT:[ UseTime:0.179585s ] mysql:host=rm-bp1813j5rjfd6hu3b2o.mysql.rds.aliyuncs.com;port=3306;dbname=ddcnew;charset=utf8mb4
[ sql ] [ SQL ] SHOW COLUMNS FROM `d_order` [ RunTime:0.091432s ]
[ sql ] [ SQL ] SELECT COUNT(*) AS tp_count FROM `d_order` WHERE  ( `start_time` > 1577721600 AND `start_time` < 1577807999 ) LIMIT 1 [ RunTime:0.090345s ]
[ sql ] [ SQL ] SELECT SUM(pay_price) AS tp_sum FROM `d_order` WHERE  ( `start_time` > 1577721600 AND `start_time` < 1577807999 )  AND `is_pay` = 1 LIMIT 1 [ RunTime:0.089611s ]
[ sql ] [ SQL ] SELECT SUM(pay_price) AS tp_sum FROM `d_order` WHERE  ( `start_time` > 1577721600 AND `start_time` < 1577807999 )  AND `is_pay` = 2 LIMIT 1 [ RunTime:0.089866s ]
[ sql ] [ SQL ] SHOW COLUMNS FROM `d_user` [ RunTime:0.091232s ]
[ sql ] [ SQL ] SELECT COUNT(*) AS tp_count FROM `d_user` LIMIT 1 [ RunTime:0.090101s ]
[ sql ] [ SQL ] SELECT COUNT(*) AS tp_count FROM `d_user` WHERE  `is_proxy` = 1 LIMIT 1 [ RunTime:0.089634s ]
[ sql ] [ SQL ] SELECT COUNT(*) AS tp_count FROM `d_user` WHERE  `is_proxy` = 2 LIMIT 1 [ RunTime:0.089889s ]
[ sql ] [ SQL ] SHOW COLUMNS FROM `d_car` [ RunTime:0.090960s ]
[ sql ] [ SQL ] SELECT COUNT(*) AS tp_count FROM `d_car` LIMIT 1 [ RunTime:0.088978s ]
[ sql ] [ SQL ] SHOW COLUMNS FROM `d_malfunction` [ RunTime:0.090933s ]
[ sql ] [ SQL ] SELECT COUNT(*) AS tp_count FROM `d_malfunction` WHERE  `state` = 2 LIMIT 1 [ RunTime:0.089187s ]
[ sql ] [ SQL ] SELECT COUNT(*) AS tp_count FROM `d_malfunction` WHERE  `state` = 0 LIMIT 1 [ RunTime:0.089620s ]
[ sql ] [ SQL ] SELECT COUNT(*) AS tp_count FROM `d_user` WHERE  ( `addtime` > 1577635200 AND `addtime` < 1577721600 ) LIMIT 1 [ RunTime:0.091346s ]
[ sql ] [ SQL ] SELECT COUNT(*) AS tp_count FROM `d_user` WHERE  ( `addtime` > 1577721600 AND `addtime` < 1577808000 ) LIMIT 1 [ RunTime:0.089265s ]
[ sql ] [ SQL ] SELECT COUNT(*) AS tp_count FROM `d_user` WHERE  ( `addtime` > 1577808000 AND `addtime` < 1577894400 ) LIMIT 1 [ RunTime:0.088929s ]
[ sql ] [ SQL ] SELECT COUNT(*) AS tp_count FROM `d_user` WHERE  ( `addtime` > 1577894400 AND `addtime` < 1577980800 ) LIMIT 1 [ RunTime:0.090266s ]
[ sql ] [ SQL ] SELECT COUNT(*) AS tp_count FROM `d_user` WHERE  ( `addtime` > 1577980800 AND `addtime` < 1578067200 ) LIMIT 1 [ RunTime:0.089562s ]
[ sql ] [ SQL ] SELECT COUNT(*) AS tp_count FROM `d_user` WHERE  ( `addtime` > 1578067200 AND `addtime` < 1578153600 ) LIMIT 1 [ RunTime:0.089771s ]
[ sql ] [ SQL ] SELECT COUNT(*) AS tp_count FROM `d_user` WHERE  ( `addtime` > 1578153600 AND `addtime` < 1578240000 ) LIMIT 1 [ RunTime:0.090372s ]
[ sql ] [ SQL ] SELECT COUNT(*) AS tp_count FROM `d_order` WHERE  ( `start_time` > 1575129600 AND `start_time` < 1577721600 ) LIMIT 1 [ RunTime:0.089552s ]
[ sql ] [ SQL ] SELECT COUNT(*) AS tp_count FROM `d_order` WHERE  ( `start_time` > 1572537600 AND `start_time` < 1575043200 ) LIMIT 1 [ RunTime:0.089690s ]
[ sql ] [ SQL ] SELECT COUNT(*) AS tp_count FROM `d_order` WHERE  ( `start_time` > 1569859200 AND `start_time` < 1572451200 ) LIMIT 1 [ RunTime:0.089455s ]
[ sql ] [ SQL ] SELECT COUNT(*) AS tp_count FROM `d_order` WHERE  ( `start_time` > 1567267200 AND `start_time` < 1569772800 ) LIMIT 1 [ RunTime:0.089411s ]
[ sql ] [ SQL ] SELECT COUNT(*) AS tp_count FROM `d_order` WHERE  ( `start_time` > 1564588800 AND `start_time` < 1567180800 ) LIMIT 1 [ RunTime:0.089433s ]
[ sql ] [ SQL ] SELECT COUNT(*) AS tp_count FROM `d_order` WHERE  ( `start_time` > 1561910400 AND `start_time` < 1564502400 ) LIMIT 1 [ RunTime:0.089839s ]
[ sql ] [ SQL ] SELECT COUNT(*) AS tp_count FROM `d_order` WHERE  ( `start_time` > 1559318400 AND `start_time` < 1561824000 ) LIMIT 1 [ RunTime:0.089740s ]
[ sql ] [ SQL ] SELECT COUNT(*) AS tp_count FROM `d_order` WHERE  ( `start_time` > 1556640000 AND `start_time` < 1559232000 ) LIMIT 1 [ RunTime:0.093038s ]
[ sql ] [ SQL ] SELECT COUNT(*) AS tp_count FROM `d_order` WHERE  ( `start_time` > 1554048000 AND `start_time` < 1556553600 ) LIMIT 1 [ RunTime:0.089671s ]
[ sql ] [ SQL ] SELECT COUNT(*) AS tp_count FROM `d_order` WHERE  ( `start_time` > 1551369600 AND `start_time` < 1553961600 ) LIMIT 1 [ RunTime:0.090198s ]
[ sql ] [ SQL ] SELECT COUNT(*) AS tp_count FROM `d_order` WHERE  ( `start_time` > 1548950400 AND `start_time` < 1551283200 ) LIMIT 1 [ RunTime:0.089242s ]
[ sql ] [ SQL ] SELECT COUNT(*) AS tp_count FROM `d_order` WHERE  ( `start_time` > 1546272000 AND `start_time` < 1548864000 ) LIMIT 1 [ RunTime:0.089719s ]
[ sql ] [ SQL ] SELECT COUNT(*) AS tp_count FROM `d_user` WHERE  `id_card` IS NULL LIMIT 1 [ RunTime:0.089994s ]
[ sql ] [ SQL ] SELECT COUNT(*) AS tp_count FROM `d_user` WHERE  `is_phone` = 2 LIMIT 1 [ RunTime:0.089657s ]
[ sql ] [ SQL ] SELECT COUNT(*) AS tp_count FROM `d_user` WHERE  `wechat_open_id` <> '0' LIMIT 1 [ RunTime:0.089537s ]
[ sql ] [ SQL ] SELECT COUNT(*) AS tp_count FROM `d_user` LIMIT 1 [ RunTime:0.088633s ]
[ sql ] [ SQL ] SHOW COLUMNS FROM `d_card` [ RunTime:0.090711s ]
[ sql ] [ SQL ] SELECT COUNT(*) AS tp_count FROM `d_card` WHERE  `end_time` < 1577784706  AND `is_expired` = 0 LIMIT 1 [ RunTime:0.089523s ]
[ sql ] [ SQL ] SHOW COLUMNS FROM `d_deposit_order` [ RunTime:0.091118s ]
[ sql ] [ SQL ] SELECT COUNT(*) AS tp_count FROM `d_deposit_order` WHERE  `pay_time` BETWEEN 2019 AND 2019 LIMIT 1 [ RunTime:0.089881s ]
[ sql ] [ SQL ] SHOW COLUMNS FROM `d_recharge` [ RunTime:0.091431s ]
[ sql ] [ SQL ] SELECT SUM(pay_price) AS tp_sum FROM `d_recharge` WHERE  `time` BETWEEN 2019 AND 2019 LIMIT 1 [ RunTime:0.089778s ]
[ sql ] [ SQL ] SHOW COLUMNS FROM `d_card_order` [ RunTime:0.091831s ]
[ sql ] [ SQL ] SELECT SUM(money) AS tp_sum FROM `d_card_order` WHERE  `pay_time` BETWEEN 2019 AND 2019 LIMIT 1 [ RunTime:0.089621s ]
[ sql ] [ SQL ] SHOW COLUMNS FROM `d_arrears` [ RunTime:0.091446s ]
[ sql ] [ SQL ] SELECT SUM(money) AS tp_sum FROM `d_arrears` WHERE  `money` BETWEEN 2019 AND 2019 LIMIT 1 [ RunTime:0.089699s ]
[ sql ] [ SQL ] SELECT COUNT(*) AS tp_count FROM `d_order` WHERE  `pay_price` > 0 LIMIT 1 [ RunTime:0.089402s ]
[ sql ] [ SQL ] SELECT COUNT(*) AS tp_count FROM `d_order` WHERE  `pay_price` <= 0 LIMIT 1 [ RunTime:0.089300s ]
[ sql ] [ SQL ] SELECT COUNT(*) AS tp_count FROM `d_order` LIMIT 1 [ RunTime:0.089341s ]
[ sql ] [ SQL ] SELECT COUNT(*) AS tp_count FROM `d_car` LIMIT 1 [ RunTime:0.089402s ]
---------------------------------------------------------------
[ 2019-12-31T17:45:19+08:00 ] 127.0.0.1 GET www.tp5-api.com/api/index/main
[ sql ] [ DB ] CONNECT:[ UseTime:0.181700s ] mysql:host=rm-bp1813j5rjfd6hu3b2o.mysql.rds.aliyuncs.com;port=3306;dbname=ddcnew;charset=utf8mb4
[ sql ] [ SQL ] SHOW COLUMNS FROM `d_order` [ RunTime:0.091487s ]
[ sql ] [ SQL ] SELECT COUNT(*) AS tp_count FROM `d_order` WHERE  ( `start_time` > 1577721600 AND `start_time` < 1577807999 ) LIMIT 1 [ RunTime:0.088899s ]
[ sql ] [ SQL ] SELECT SUM(pay_price) AS tp_sum FROM `d_order` WHERE  ( `start_time` > 1577721600 AND `start_time` < 1577807999 )  AND `is_pay` = 1 LIMIT 1 [ RunTime:0.089039s ]
[ sql ] [ SQL ] SELECT SUM(pay_price) AS tp_sum FROM `d_order` WHERE  ( `start_time` > 1577721600 AND `start_time` < 1577807999 )  AND `is_pay` = 2 LIMIT 1 [ RunTime:0.088779s ]
[ sql ] [ SQL ] SHOW COLUMNS FROM `d_user` [ RunTime:0.090444s ]
[ sql ] [ SQL ] SELECT COUNT(*) AS tp_count FROM `d_user` LIMIT 1 [ RunTime:0.088775s ]
[ sql ] [ SQL ] SELECT COUNT(*) AS tp_count FROM `d_user` WHERE  `is_proxy` = 1 LIMIT 1 [ RunTime:0.088670s ]
[ sql ] [ SQL ] SELECT COUNT(*) AS tp_count FROM `d_user` WHERE  `is_proxy` = 2 LIMIT 1 [ RunTime:0.089018s ]
[ sql ] [ SQL ] SHOW COLUMNS FROM `d_car` [ RunTime:0.090543s ]
[ sql ] [ SQL ] SELECT COUNT(*) AS tp_count FROM `d_car` LIMIT 1 [ RunTime:0.088714s ]
[ sql ] [ SQL ] SHOW COLUMNS FROM `d_malfunction` [ RunTime:0.090428s ]
[ sql ] [ SQL ] SELECT COUNT(*) AS tp_count FROM `d_malfunction` WHERE  `state` = 2 LIMIT 1 [ RunTime:0.089258s ]
[ sql ] [ SQL ] SELECT COUNT(*) AS tp_count FROM `d_malfunction` WHERE  `state` = 0 LIMIT 1 [ RunTime:0.090163s ]
[ sql ] [ SQL ] SELECT COUNT(*) AS tp_count FROM `d_user` WHERE  ( `addtime` > 1577635200 AND `addtime` < 1577721600 ) LIMIT 1 [ RunTime:0.090321s ]
[ sql ] [ SQL ] SELECT COUNT(*) AS tp_count FROM `d_user` WHERE  ( `addtime` > 1577721600 AND `addtime` < 1577808000 ) LIMIT 1 [ RunTime:0.090454s ]
[ sql ] [ SQL ] SELECT COUNT(*) AS tp_count FROM `d_user` WHERE  ( `addtime` > 1577808000 AND `addtime` < 1577894400 ) LIMIT 1 [ RunTime:0.090013s ]
[ sql ] [ SQL ] SELECT COUNT(*) AS tp_count FROM `d_user` WHERE  ( `addtime` > 1577894400 AND `addtime` < 1577980800 ) LIMIT 1 [ RunTime:0.094771s ]
[ sql ] [ SQL ] SELECT COUNT(*) AS tp_count FROM `d_user` WHERE  ( `addtime` > 1577980800 AND `addtime` < 1578067200 ) LIMIT 1 [ RunTime:0.088959s ]
[ sql ] [ SQL ] SELECT COUNT(*) AS tp_count FROM `d_user` WHERE  ( `addtime` > 1578067200 AND `addtime` < 1578153600 ) LIMIT 1 [ RunTime:0.088947s ]
[ sql ] [ SQL ] SELECT COUNT(*) AS tp_count FROM `d_user` WHERE  ( `addtime` > 1578153600 AND `addtime` < 1578240000 ) LIMIT 1 [ RunTime:0.089256s ]
[ sql ] [ SQL ] SELECT COUNT(*) AS tp_count FROM `d_order` WHERE  ( `start_time` > 1575129600 AND `start_time` < 1577721600 ) LIMIT 1 [ RunTime:0.088839s ]
[ sql ] [ SQL ] SELECT COUNT(*) AS tp_count FROM `d_order` WHERE  ( `start_time` > 1572537600 AND `start_time` < 1575043200 ) LIMIT 1 [ RunTime:0.088634s ]
[ sql ] [ SQL ] SELECT COUNT(*) AS tp_count FROM `d_order` WHERE  ( `start_time` > 1569859200 AND `start_time` < 1572451200 ) LIMIT 1 [ RunTime:0.089755s ]
[ sql ] [ SQL ] SELECT COUNT(*) AS tp_count FROM `d_order` WHERE  ( `start_time` > 1567267200 AND `start_time` < 1569772800 ) LIMIT 1 [ RunTime:0.088716s ]
[ sql ] [ SQL ] SELECT COUNT(*) AS tp_count FROM `d_order` WHERE  ( `start_time` > 1564588800 AND `start_time` < 1567180800 ) LIMIT 1 [ RunTime:0.088968s ]
[ sql ] [ SQL ] SELECT COUNT(*) AS tp_count FROM `d_order` WHERE  ( `start_time` > 1561910400 AND `start_time` < 1564502400 ) LIMIT 1 [ RunTime:0.088473s ]
[ sql ] [ SQL ] SELECT COUNT(*) AS tp_count FROM `d_order` WHERE  ( `start_time` > 1559318400 AND `start_time` < 1561824000 ) LIMIT 1 [ RunTime:0.090424s ]
[ sql ] [ SQL ] SELECT COUNT(*) AS tp_count FROM `d_order` WHERE  ( `start_time` > 1556640000 AND `start_time` < 1559232000 ) LIMIT 1 [ RunTime:0.087894s ]
[ sql ] [ SQL ] SELECT COUNT(*) AS tp_count FROM `d_order` WHERE  ( `start_time` > 1554048000 AND `start_time` < 1556553600 ) LIMIT 1 [ RunTime:0.088812s ]
[ sql ] [ SQL ] SELECT COUNT(*) AS tp_count FROM `d_order` WHERE  ( `start_time` > 1551369600 AND `start_time` < 1553961600 ) LIMIT 1 [ RunTime:0.090785s ]
[ sql ] [ SQL ] SELECT COUNT(*) AS tp_count FROM `d_order` WHERE  ( `start_time` > 1548950400 AND `start_time` < 1551283200 ) LIMIT 1 [ RunTime:0.088642s ]
[ sql ] [ SQL ] SELECT COUNT(*) AS tp_count FROM `d_order` WHERE  ( `start_time` > 1546272000 AND `start_time` < 1548864000 ) LIMIT 1 [ RunTime:0.088586s ]
---------------------------------------------------------------
[ 2019-12-31T17:46:07+08:00 ] 127.0.0.1 GET www.tp5-api.com/api/index/main
[ sql ] [ DB ] CONNECT:[ UseTime:0.133109s ] mysql:host=rm-bp1813j5rjfd6hu3b2o.mysql.rds.aliyuncs.com;port=3306;dbname=ddcnew;charset=utf8mb4
[ sql ] [ SQL ] SHOW COLUMNS FROM `d_order` [ RunTime:0.090061s ]
[ sql ] [ SQL ] SELECT COUNT(*) AS tp_count FROM `d_order` WHERE  ( `start_time` > 1577721600 AND `start_time` < 1577807999 ) LIMIT 1 [ RunTime:0.088347s ]
[ sql ] [ SQL ] SELECT SUM(pay_price) AS tp_sum FROM `d_order` WHERE  ( `start_time` > 1577721600 AND `start_time` < 1577807999 )  AND `is_pay` = 1 LIMIT 1 [ RunTime:0.088743s ]
[ sql ] [ SQL ] SELECT SUM(pay_price) AS tp_sum FROM `d_order` WHERE  ( `start_time` > 1577721600 AND `start_time` < 1577807999 )  AND `is_pay` = 2 LIMIT 1 [ RunTime:0.088741s ]
[ sql ] [ SQL ] SHOW COLUMNS FROM `d_user` [ RunTime:0.090634s ]
[ sql ] [ SQL ] SELECT COUNT(*) AS tp_count FROM `d_user` LIMIT 1 [ RunTime:0.088324s ]
[ sql ] [ SQL ] SELECT COUNT(*) AS tp_count FROM `d_user` WHERE  `is_proxy` = 1 LIMIT 1 [ RunTime:0.089210s ]
[ sql ] [ SQL ] SELECT COUNT(*) AS tp_count FROM `d_user` WHERE  `is_proxy` = 2 LIMIT 1 [ RunTime:0.090490s ]
[ sql ] [ SQL ] SHOW COLUMNS FROM `d_car` [ RunTime:0.093094s ]
[ sql ] [ SQL ] SELECT COUNT(*) AS tp_count FROM `d_car` LIMIT 1 [ RunTime:0.088626s ]
[ sql ] [ SQL ] SHOW COLUMNS FROM `d_malfunction` [ RunTime:0.092105s ]
[ sql ] [ SQL ] SELECT COUNT(*) AS tp_count FROM `d_malfunction` WHERE  `state` = 2 LIMIT 1 [ RunTime:0.089996s ]
[ sql ] [ SQL ] SELECT COUNT(*) AS tp_count FROM `d_malfunction` WHERE  `state` = 0 LIMIT 1 [ RunTime:0.088945s ]
[ sql ] [ SQL ] SELECT COUNT(*) AS tp_count FROM `d_user` WHERE  ( `addtime` > 1577635200 AND `addtime` < 1577721600 ) LIMIT 1 [ RunTime:0.089110s ]
[ sql ] [ SQL ] SELECT COUNT(*) AS tp_count FROM `d_user` WHERE  ( `addtime` > 1577721600 AND `addtime` < 1577808000 ) LIMIT 1 [ RunTime:0.089465s ]
[ sql ] [ SQL ] SELECT COUNT(*) AS tp_count FROM `d_user` WHERE  ( `addtime` > 1577808000 AND `addtime` < 1577894400 ) LIMIT 1 [ RunTime:0.089155s ]
[ sql ] [ SQL ] SELECT COUNT(*) AS tp_count FROM `d_user` WHERE  ( `addtime` > 1577894400 AND `addtime` < 1577980800 ) LIMIT 1 [ RunTime:0.090399s ]
[ sql ] [ SQL ] SELECT COUNT(*) AS tp_count FROM `d_user` WHERE  ( `addtime` > 1577980800 AND `addtime` < 1578067200 ) LIMIT 1 [ RunTime:0.088829s ]
[ sql ] [ SQL ] SELECT COUNT(*) AS tp_count FROM `d_user` WHERE  ( `addtime` > 1578067200 AND `addtime` < 1578153600 ) LIMIT 1 [ RunTime:0.088952s ]
[ sql ] [ SQL ] SELECT COUNT(*) AS tp_count FROM `d_user` WHERE  ( `addtime` > 1578153600 AND `addtime` < 1578240000 ) LIMIT 1 [ RunTime:0.088852s ]
[ sql ] [ SQL ] SELECT COUNT(*) AS tp_count FROM `d_order` WHERE  ( `start_time` > 1575129600 AND `start_time` < 1577721600 ) LIMIT 1 [ RunTime:0.089130s ]
[ sql ] [ SQL ] SELECT COUNT(*) AS tp_count FROM `d_order` WHERE  ( `start_time` > 1572537600 AND `start_time` < 1575043200 ) LIMIT 1 [ RunTime:0.089096s ]
[ sql ] [ SQL ] SELECT COUNT(*) AS tp_count FROM `d_order` WHERE  ( `start_time` > 1569859200 AND `start_time` < 1572451200 ) LIMIT 1 [ RunTime:0.088500s ]
[ sql ] [ SQL ] SELECT COUNT(*) AS tp_count FROM `d_order` WHERE  ( `start_time` > 1567267200 AND `start_time` < 1569772800 ) LIMIT 1 [ RunTime:0.089493s ]
[ sql ] [ SQL ] SELECT COUNT(*) AS tp_count FROM `d_order` WHERE  ( `start_time` > 1564588800 AND `start_time` < 1567180800 ) LIMIT 1 [ RunTime:0.090541s ]
[ sql ] [ SQL ] SELECT COUNT(*) AS tp_count FROM `d_order` WHERE  ( `start_time` > 1561910400 AND `start_time` < 1564502400 ) LIMIT 1 [ RunTime:0.090731s ]
[ sql ] [ SQL ] SELECT COUNT(*) AS tp_count FROM `d_order` WHERE  ( `start_time` > 1559318400 AND `start_time` < 1561824000 ) LIMIT 1 [ RunTime:0.089379s ]
[ sql ] [ SQL ] SELECT COUNT(*) AS tp_count FROM `d_order` WHERE  ( `start_time` > 1556640000 AND `start_time` < 1559232000 ) LIMIT 1 [ RunTime:0.089258s ]
[ sql ] [ SQL ] SELECT COUNT(*) AS tp_count FROM `d_order` WHERE  ( `start_time` > 1554048000 AND `start_time` < 1556553600 ) LIMIT 1 [ RunTime:0.088418s ]
[ sql ] [ SQL ] SELECT COUNT(*) AS tp_count FROM `d_order` WHERE  ( `start_time` > 1551369600 AND `start_time` < 1553961600 ) LIMIT 1 [ RunTime:0.089201s ]
[ sql ] [ SQL ] SELECT COUNT(*) AS tp_count FROM `d_order` WHERE  ( `start_time` > 1548950400 AND `start_time` < 1551283200 ) LIMIT 1 [ RunTime:0.089977s ]
[ sql ] [ SQL ] SELECT COUNT(*) AS tp_count FROM `d_order` WHERE  ( `start_time` > 1546272000 AND `start_time` < 1548864000 ) LIMIT 1 [ RunTime:0.088493s ]
---------------------------------------------------------------
[ 2019-12-31T17:46:25+08:00 ] 127.0.0.1 GET www.tp5-api.com/api/index/main
[ sql ] [ DB ] CONNECT:[ UseTime:0.231685s ] mysql:host=rm-bp1813j5rjfd6hu3b2o.mysql.rds.aliyuncs.com;port=3306;dbname=ddcnew;charset=utf8mb4
[ sql ] [ SQL ] SHOW COLUMNS FROM `d_order` [ RunTime:0.091087s ]
[ sql ] [ SQL ] SELECT COUNT(*) AS tp_count FROM `d_order` WHERE  ( `start_time` > 1577721600 AND `start_time` < 1577807999 ) LIMIT 1 [ RunTime:0.088978s ]
[ sql ] [ SQL ] SELECT SUM(pay_price) AS tp_sum FROM `d_order` WHERE  ( `start_time` > 1577721600 AND `start_time` < 1577807999 )  AND `is_pay` = 1 LIMIT 1 [ RunTime:0.089825s ]
[ sql ] [ SQL ] SELECT SUM(pay_price) AS tp_sum FROM `d_order` WHERE  ( `start_time` > 1577721600 AND `start_time` < 1577807999 )  AND `is_pay` = 2 LIMIT 1 [ RunTime:0.093833s ]
[ sql ] [ SQL ] SHOW COLUMNS FROM `d_user` [ RunTime:0.093802s ]
[ sql ] [ SQL ] SELECT COUNT(*) AS tp_count FROM `d_user` LIMIT 1 [ RunTime:0.090345s ]
[ sql ] [ SQL ] SELECT COUNT(*) AS tp_count FROM `d_user` WHERE  `is_proxy` = 1 LIMIT 1 [ RunTime:0.088882s ]
[ sql ] [ SQL ] SELECT COUNT(*) AS tp_count FROM `d_user` WHERE  `is_proxy` = 2 LIMIT 1 [ RunTime:0.091600s ]
[ sql ] [ SQL ] SHOW COLUMNS FROM `d_car` [ RunTime:0.092654s ]
[ sql ] [ SQL ] SELECT COUNT(*) AS tp_count FROM `d_car` LIMIT 1 [ RunTime:0.089793s ]
[ sql ] [ SQL ] SHOW COLUMNS FROM `d_malfunction` [ RunTime:0.091685s ]
[ sql ] [ SQL ] SELECT COUNT(*) AS tp_count FROM `d_malfunction` WHERE  `state` = 2 LIMIT 1 [ RunTime:0.089851s ]
[ sql ] [ SQL ] SELECT COUNT(*) AS tp_count FROM `d_malfunction` WHERE  `state` = 0 LIMIT 1 [ RunTime:0.089649s ]
[ sql ] [ SQL ] SELECT COUNT(*) AS tp_count FROM `d_user` WHERE  ( `addtime` > 1577635200 AND `addtime` < 1577721600 ) LIMIT 1 [ RunTime:0.090543s ]
[ sql ] [ SQL ] SELECT COUNT(*) AS tp_count FROM `d_user` WHERE  ( `addtime` > 1577721600 AND `addtime` < 1577808000 ) LIMIT 1 [ RunTime:0.089893s ]
[ sql ] [ SQL ] SELECT COUNT(*) AS tp_count FROM `d_user` WHERE  ( `addtime` > 1577808000 AND `addtime` < 1577894400 ) LIMIT 1 [ RunTime:0.089367s ]
[ sql ] [ SQL ] SELECT COUNT(*) AS tp_count FROM `d_user` WHERE  ( `addtime` > 1577894400 AND `addtime` < 1577980800 ) LIMIT 1 [ RunTime:0.089248s ]
[ sql ] [ SQL ] SELECT COUNT(*) AS tp_count FROM `d_user` WHERE  ( `addtime` > 1577980800 AND `addtime` < 1578067200 ) LIMIT 1 [ RunTime:0.089381s ]
[ sql ] [ SQL ] SELECT COUNT(*) AS tp_count FROM `d_user` WHERE  ( `addtime` > 1578067200 AND `addtime` < 1578153600 ) LIMIT 1 [ RunTime:0.090981s ]
[ sql ] [ SQL ] SELECT COUNT(*) AS tp_count FROM `d_user` WHERE  ( `addtime` > 1578153600 AND `addtime` < 1578240000 ) LIMIT 1 [ RunTime:0.089163s ]
[ sql ] [ SQL ] SELECT COUNT(*) AS tp_count FROM `d_order` WHERE  ( `start_time` > 1575129600 AND `start_time` < 1577721600 ) LIMIT 1 [ RunTime:0.089447s ]
[ sql ] [ SQL ] SELECT COUNT(*) AS tp_count FROM `d_order` WHERE  ( `start_time` > 1572537600 AND `start_time` < 1575043200 ) LIMIT 1 [ RunTime:0.089272s ]
[ sql ] [ SQL ] SELECT COUNT(*) AS tp_count FROM `d_order` WHERE  ( `start_time` > 1569859200 AND `start_time` < 1572451200 ) LIMIT 1 [ RunTime:0.089508s ]
[ sql ] [ SQL ] SELECT COUNT(*) AS tp_count FROM `d_order` WHERE  ( `start_time` > 1567267200 AND `start_time` < 1569772800 ) LIMIT 1 [ RunTime:0.089981s ]
[ sql ] [ SQL ] SELECT COUNT(*) AS tp_count FROM `d_order` WHERE  ( `start_time` > 1564588800 AND `start_time` < 1567180800 ) LIMIT 1 [ RunTime:0.089437s ]
[ sql ] [ SQL ] SELECT COUNT(*) AS tp_count FROM `d_order` WHERE  ( `start_time` > 1561910400 AND `start_time` < 1564502400 ) LIMIT 1 [ RunTime:0.089389s ]
[ sql ] [ SQL ] SELECT COUNT(*) AS tp_count FROM `d_order` WHERE  ( `start_time` > 1559318400 AND `start_time` < 1561824000 ) LIMIT 1 [ RunTime:0.089575s ]
[ sql ] [ SQL ] SELECT COUNT(*) AS tp_count FROM `d_order` WHERE  ( `start_time` > 1556640000 AND `start_time` < 1559232000 ) LIMIT 1 [ RunTime:0.090831s ]
[ sql ] [ SQL ] SELECT COUNT(*) AS tp_count FROM `d_order` WHERE  ( `start_time` > 1554048000 AND `start_time` < 1556553600 ) LIMIT 1 [ RunTime:0.090217s ]
[ sql ] [ SQL ] SELECT COUNT(*) AS tp_count FROM `d_order` WHERE  ( `start_time` > 1551369600 AND `start_time` < 1553961600 ) LIMIT 1 [ RunTime:0.089170s ]
[ sql ] [ SQL ] SELECT COUNT(*) AS tp_count FROM `d_order` WHERE  ( `start_time` > 1548950400 AND `start_time` < 1551283200 ) LIMIT 1 [ RunTime:0.089000s ]
[ sql ] [ SQL ] SELECT COUNT(*) AS tp_count FROM `d_order` WHERE  ( `start_time` > 1546272000 AND `start_time` < 1548864000 ) LIMIT 1 [ RunTime:0.090041s ]
[ sql ] [ SQL ] SELECT COUNT(*) AS tp_count FROM `d_user` WHERE  `id_card` IS NULL LIMIT 1 [ RunTime:0.089060s ]
[ sql ] [ SQL ] SELECT COUNT(*) AS tp_count FROM `d_user` WHERE  `is_phone` = 2 LIMIT 1 [ RunTime:0.089706s ]
[ sql ] [ SQL ] SELECT COUNT(*) AS tp_count FROM `d_user` WHERE  `wechat_open_id` <> '0' LIMIT 1 [ RunTime:0.089127s ]
[ sql ] [ SQL ] SELECT COUNT(*) AS tp_count FROM `d_user` LIMIT 1 [ RunTime:0.089019s ]
[ sql ] [ SQL ] SHOW COLUMNS FROM `d_card` [ RunTime:0.090785s ]
[ sql ] [ SQL ] SELECT COUNT(*) AS tp_count FROM `d_card` WHERE  `end_time` < 1577785583  AND `is_expired` = 0 LIMIT 1 [ RunTime:0.089214s ]
[ sql ] [ SQL ] SHOW COLUMNS FROM `d_deposit_order` [ RunTime:0.090774s ]
[ sql ] [ SQL ] SELECT COUNT(*) AS tp_count FROM `d_deposit_order` WHERE  `pay_time` BETWEEN 1577721600 AND 1577807999 LIMIT 1 [ RunTime:0.089222s ]
[ sql ] [ SQL ] SHOW COLUMNS FROM `d_recharge` [ RunTime:0.091443s ]
[ sql ] [ SQL ] SELECT SUM(pay_price) AS tp_sum FROM `d_recharge` WHERE  `time` BETWEEN 1577721600 AND 1577807999 LIMIT 1 [ RunTime:0.089345s ]
[ sql ] [ SQL ] SHOW COLUMNS FROM `d_card_order` [ RunTime:0.091066s ]
[ sql ] [ SQL ] SELECT SUM(money) AS tp_sum FROM `d_card_order` WHERE  `pay_time` BETWEEN 1577721600 AND 1577807999 LIMIT 1 [ RunTime:0.089660s ]
[ sql ] [ SQL ] SHOW COLUMNS FROM `d_arrears` [ RunTime:0.091721s ]
[ sql ] [ SQL ] SELECT SUM(money) AS tp_sum FROM `d_arrears` WHERE  `money` BETWEEN 1577721600 AND 1577807999 LIMIT 1 [ RunTime:0.089420s ]
[ sql ] [ SQL ] SELECT COUNT(*) AS tp_count FROM `d_order` WHERE  `pay_price` > 0 LIMIT 1 [ RunTime:0.088844s ]
[ sql ] [ SQL ] SELECT COUNT(*) AS tp_count FROM `d_order` WHERE  `pay_price` <= 0 LIMIT 1 [ RunTime:0.089131s ]
[ sql ] [ SQL ] SELECT COUNT(*) AS tp_count FROM `d_order` LIMIT 1 [ RunTime:0.090004s ]
[ sql ] [ SQL ] SELECT COUNT(*) AS tp_count FROM `d_car` LIMIT 1 [ RunTime:0.089567s ]
---------------------------------------------------------------
[ 2019-12-31T17:46:45+08:00 ] 127.0.0.1 GET www.tp5-api.com/api/index/main
[ sql ] [ DB ] CONNECT:[ UseTime:0.132678s ] mysql:host=rm-bp1813j5rjfd6hu3b2o.mysql.rds.aliyuncs.com;port=3306;dbname=ddcnew;charset=utf8mb4
[ sql ] [ SQL ] SHOW COLUMNS FROM `d_order` [ RunTime:0.090333s ]
[ sql ] [ SQL ] SELECT COUNT(*) AS tp_count FROM `d_order` WHERE  ( `start_time` > 1577721600 AND `start_time` < 1577807999 ) LIMIT 1 [ RunTime:0.087441s ]
[ sql ] [ SQL ] SELECT SUM(pay_price) AS tp_sum FROM `d_order` WHERE  ( `start_time` > 1577721600 AND `start_time` < 1577807999 )  AND `is_pay` = 1 LIMIT 1 [ RunTime:0.087980s ]
[ sql ] [ SQL ] SELECT SUM(pay_price) AS tp_sum FROM `d_order` WHERE  ( `start_time` > 1577721600 AND `start_time` < 1577807999 )  AND `is_pay` = 2 LIMIT 1 [ RunTime:0.088206s ]
[ sql ] [ SQL ] SHOW COLUMNS FROM `d_user` [ RunTime:0.088924s ]
[ sql ] [ SQL ] SELECT COUNT(*) AS tp_count FROM `d_user` LIMIT 1 [ RunTime:0.088215s ]
[ sql ] [ SQL ] SELECT COUNT(*) AS tp_count FROM `d_user` WHERE  `is_proxy` = 1 LIMIT 1 [ RunTime:0.088020s ]
[ sql ] [ SQL ] SELECT COUNT(*) AS tp_count FROM `d_user` WHERE  `is_proxy` = 2 LIMIT 1 [ RunTime:0.089138s ]
[ sql ] [ SQL ] SHOW COLUMNS FROM `d_car` [ RunTime:0.094114s ]
[ sql ] [ SQL ] SELECT COUNT(*) AS tp_count FROM `d_car` LIMIT 1 [ RunTime:0.087294s ]
[ sql ] [ SQL ] SHOW COLUMNS FROM `d_malfunction` [ RunTime:0.089837s ]
[ sql ] [ SQL ] SELECT COUNT(*) AS tp_count FROM `d_malfunction` WHERE  `state` = 2 LIMIT 1 [ RunTime:0.087864s ]
[ sql ] [ SQL ] SELECT COUNT(*) AS tp_count FROM `d_malfunction` WHERE  `state` = 0 LIMIT 1 [ RunTime:0.089066s ]
[ sql ] [ SQL ] SELECT COUNT(*) AS tp_count FROM `d_user` WHERE  ( `addtime` > 1577635200 AND `addtime` < 1577721600 ) LIMIT 1 [ RunTime:0.087252s ]
[ sql ] [ SQL ] SELECT COUNT(*) AS tp_count FROM `d_user` WHERE  ( `addtime` > 1577721600 AND `addtime` < 1577808000 ) LIMIT 1 [ RunTime:0.089346s ]
[ sql ] [ SQL ] SELECT COUNT(*) AS tp_count FROM `d_user` WHERE  ( `addtime` > 1577808000 AND `addtime` < 1577894400 ) LIMIT 1 [ RunTime:0.087535s ]
[ sql ] [ SQL ] SELECT COUNT(*) AS tp_count FROM `d_user` WHERE  ( `addtime` > 1577894400 AND `addtime` < 1577980800 ) LIMIT 1 [ RunTime:0.087823s ]
[ sql ] [ SQL ] SELECT COUNT(*) AS tp_count FROM `d_user` WHERE  ( `addtime` > 1577980800 AND `addtime` < 1578067200 ) LIMIT 1 [ RunTime:0.087028s ]
[ sql ] [ SQL ] SELECT COUNT(*) AS tp_count FROM `d_user` WHERE  ( `addtime` > 1578067200 AND `addtime` < 1578153600 ) LIMIT 1 [ RunTime:0.088202s ]
[ sql ] [ SQL ] SELECT COUNT(*) AS tp_count FROM `d_user` WHERE  ( `addtime` > 1578153600 AND `addtime` < 1578240000 ) LIMIT 1 [ RunTime:0.088456s ]
[ sql ] [ SQL ] SELECT COUNT(*) AS tp_count FROM `d_order` WHERE  ( `start_time` > 1575129600 AND `start_time` < 1577721600 ) LIMIT 1 [ RunTime:0.089440s ]
[ sql ] [ SQL ] SELECT COUNT(*) AS tp_count FROM `d_order` WHERE  ( `start_time` > 1572537600 AND `start_time` < 1575043200 ) LIMIT 1 [ RunTime:0.087829s ]
[ sql ] [ SQL ] SELECT COUNT(*) AS tp_count FROM `d_order` WHERE  ( `start_time` > 1569859200 AND `start_time` < 1572451200 ) LIMIT 1 [ RunTime:0.088873s ]
[ sql ] [ SQL ] SELECT COUNT(*) AS tp_count FROM `d_order` WHERE  ( `start_time` > 1567267200 AND `start_time` < 1569772800 ) LIMIT 1 [ RunTime:0.088788s ]
[ sql ] [ SQL ] SELECT COUNT(*) AS tp_count FROM `d_order` WHERE  ( `start_time` > 1564588800 AND `start_time` < 1567180800 ) LIMIT 1 [ RunTime:0.088246s ]
[ sql ] [ SQL ] SELECT COUNT(*) AS tp_count FROM `d_order` WHERE  ( `start_time` > 1561910400 AND `start_time` < 1564502400 ) LIMIT 1 [ RunTime:0.087874s ]
[ sql ] [ SQL ] SELECT COUNT(*) AS tp_count FROM `d_order` WHERE  ( `start_time` > 1559318400 AND `start_time` < 1561824000 ) LIMIT 1 [ RunTime:0.090000s ]
[ sql ] [ SQL ] SELECT COUNT(*) AS tp_count FROM `d_order` WHERE  ( `start_time` > 1556640000 AND `start_time` < 1559232000 ) LIMIT 1 [ RunTime:0.088096s ]
[ sql ] [ SQL ] SELECT COUNT(*) AS tp_count FROM `d_order` WHERE  ( `start_time` > 1554048000 AND `start_time` < 1556553600 ) LIMIT 1 [ RunTime:0.088208s ]
[ sql ] [ SQL ] SELECT COUNT(*) AS tp_count FROM `d_order` WHERE  ( `start_time` > 1551369600 AND `start_time` < 1553961600 ) LIMIT 1 [ RunTime:0.088323s ]
[ sql ] [ SQL ] SELECT COUNT(*) AS tp_count FROM `d_order` WHERE  ( `start_time` > 1548950400 AND `start_time` < 1551283200 ) LIMIT 1 [ RunTime:0.088423s ]
[ sql ] [ SQL ] SELECT COUNT(*) AS tp_count FROM `d_order` WHERE  ( `start_time` > 1546272000 AND `start_time` < 1548864000 ) LIMIT 1 [ RunTime:0.087869s ]
[ sql ] [ SQL ] SELECT COUNT(*) AS tp_count FROM `d_user` WHERE  `id_card` IS NULL LIMIT 1 [ RunTime:0.087840s ]
[ sql ] [ SQL ] SELECT COUNT(*) AS tp_count FROM `d_user` WHERE  `is_phone` = 2 LIMIT 1 [ RunTime:0.088376s ]
[ sql ] [ SQL ] SELECT COUNT(*) AS tp_count FROM `d_user` WHERE  `wechat_open_id` <> '0' LIMIT 1 [ RunTime:0.088047s ]
[ sql ] [ SQL ] SELECT COUNT(*) AS tp_count FROM `d_user` LIMIT 1 [ RunTime:0.088196s ]
[ sql ] [ SQL ] SHOW COLUMNS FROM `d_card` [ RunTime:0.090840s ]
[ sql ] [ SQL ] SELECT COUNT(*) AS tp_count FROM `d_card` WHERE  `end_time` < 1577785603  AND `is_expired` = 0 LIMIT 1 [ RunTime:0.088666s ]
[ sql ] [ SQL ] SHOW COLUMNS FROM `d_deposit_order` [ RunTime:0.090281s ]
[ sql ] [ SQL ] SELECT COUNT(*) AS tp_count FROM `d_deposit_order` WHERE  `pay_time` BETWEEN 1577721600 AND 1577807999 LIMIT 1 [ RunTime:0.088155s ]
[ sql ] [ SQL ] SHOW COLUMNS FROM `d_recharge` [ RunTime:0.092767s ]
[ sql ] [ SQL ] SELECT SUM(pay_price) AS tp_sum FROM `d_recharge` WHERE  `time` BETWEEN 1577721600 AND 1577807999 LIMIT 1 [ RunTime:0.087758s ]
[ sql ] [ SQL ] SHOW COLUMNS FROM `d_card_order` [ RunTime:0.089209s ]
[ sql ] [ SQL ] SELECT SUM(money) AS tp_sum FROM `d_card_order` WHERE  `pay_time` BETWEEN 1577721600 AND 1577807999 LIMIT 1 [ RunTime:0.088818s ]
[ sql ] [ SQL ] SHOW COLUMNS FROM `d_arrears` [ RunTime:0.089556s ]
[ sql ] [ SQL ] SELECT SUM(money) AS tp_sum FROM `d_arrears` WHERE  `money` BETWEEN 1577721600 AND 1577807999 LIMIT 1 [ RunTime:0.088146s ]
[ sql ] [ SQL ] SELECT COUNT(*) AS tp_count FROM `d_order` WHERE  `pay_price` > 0 LIMIT 1 [ RunTime:0.087335s ]
[ sql ] [ SQL ] SELECT COUNT(*) AS tp_count FROM `d_order` WHERE  `pay_price` <= 0 LIMIT 1 [ RunTime:0.087895s ]
[ sql ] [ SQL ] SELECT COUNT(*) AS tp_count FROM `d_order` LIMIT 1 [ RunTime:0.087880s ]
[ sql ] [ SQL ] SELECT COUNT(*) AS tp_count FROM `d_car` LIMIT 1 [ RunTime:0.087638s ]
---------------------------------------------------------------
[ 2019-12-31T17:48:03+08:00 ] 127.0.0.1 GET www.tp5-api.com/api/index/main
[ sql ] [ DB ] CONNECT:[ UseTime:0.764154s ] mysql:host=rm-bp1813j5rjfd6hu3b2o.mysql.rds.aliyuncs.com;port=3306;dbname=ddcnew;charset=utf8mb4
[ sql ] [ SQL ] SHOW COLUMNS FROM `d_order` [ RunTime:0.089019s ]
[ sql ] [ SQL ] SELECT COUNT(*) AS tp_count FROM `d_order` WHERE  ( `start_time` > 1577721600 AND `start_time` < 1577807999 ) LIMIT 1 [ RunTime:0.087238s ]
[ sql ] [ SQL ] SELECT SUM(pay_price) AS tp_sum FROM `d_order` WHERE  ( `start_time` > 1577721600 AND `start_time` < 1577807999 )  AND `is_pay` = 1 LIMIT 1 [ RunTime:0.087490s ]
[ sql ] [ SQL ] SELECT SUM(pay_price) AS tp_sum FROM `d_order` WHERE  ( `start_time` > 1577721600 AND `start_time` < 1577807999 )  AND `is_pay` = 2 LIMIT 1 [ RunTime:0.087453s ]
[ sql ] [ SQL ] SHOW COLUMNS FROM `d_user` [ RunTime:0.089682s ]
[ sql ] [ SQL ] SELECT COUNT(*) AS tp_count FROM `d_user` LIMIT 1 [ RunTime:0.087132s ]
[ sql ] [ SQL ] SELECT COUNT(*) AS tp_count FROM `d_user` WHERE  `is_proxy` = 1 LIMIT 1 [ RunTime:0.087309s ]
[ sql ] [ SQL ] SELECT COUNT(*) AS tp_count FROM `d_user` WHERE  `is_proxy` = 2 LIMIT 1 [ RunTime:0.086823s ]
[ sql ] [ SQL ] SHOW COLUMNS FROM `d_car` [ RunTime:0.088636s ]
[ sql ] [ SQL ] SELECT COUNT(*) AS tp_count FROM `d_car` LIMIT 1 [ RunTime:0.086880s ]
[ sql ] [ SQL ] SHOW COLUMNS FROM `d_malfunction` [ RunTime:0.088451s ]
[ sql ] [ SQL ] SELECT COUNT(*) AS tp_count FROM `d_malfunction` WHERE  `state` = 2 LIMIT 1 [ RunTime:0.086584s ]
[ sql ] [ SQL ] SELECT COUNT(*) AS tp_count FROM `d_malfunction` WHERE  `state` = 0 LIMIT 1 [ RunTime:0.087833s ]
[ sql ] [ SQL ] SELECT COUNT(*) AS tp_count FROM `d_user` WHERE  ( `addtime` > 1577635200 AND `addtime` < 1577721600 ) LIMIT 1 [ RunTime:0.087673s ]
[ sql ] [ SQL ] SELECT COUNT(*) AS tp_count FROM `d_user` WHERE  ( `addtime` > 1577721600 AND `addtime` < 1577808000 ) LIMIT 1 [ RunTime:0.088855s ]
[ sql ] [ SQL ] SELECT COUNT(*) AS tp_count FROM `d_user` WHERE  ( `addtime` > 1577808000 AND `addtime` < 1577894400 ) LIMIT 1 [ RunTime:0.086981s ]
[ sql ] [ SQL ] SELECT COUNT(*) AS tp_count FROM `d_user` WHERE  ( `addtime` > 1577894400 AND `addtime` < 1577980800 ) LIMIT 1 [ RunTime:0.086824s ]
[ sql ] [ SQL ] SELECT COUNT(*) AS tp_count FROM `d_user` WHERE  ( `addtime` > 1577980800 AND `addtime` < 1578067200 ) LIMIT 1 [ RunTime:0.089222s ]
[ sql ] [ SQL ] SELECT COUNT(*) AS tp_count FROM `d_user` WHERE  ( `addtime` > 1578067200 AND `addtime` < 1578153600 ) LIMIT 1 [ RunTime:0.088380s ]
[ sql ] [ SQL ] SELECT COUNT(*) AS tp_count FROM `d_user` WHERE  ( `addtime` > 1578153600 AND `addtime` < 1578240000 ) LIMIT 1 [ RunTime:0.086590s ]
[ sql ] [ SQL ] SELECT COUNT(*) AS tp_count FROM `d_order` WHERE  ( `start_time` > 1575129600 AND `start_time` < 1577721600 ) LIMIT 1 [ RunTime:0.087240s ]
[ sql ] [ SQL ] SELECT COUNT(*) AS tp_count FROM `d_order` WHERE  ( `start_time` > 1572537600 AND `start_time` < 1575043200 ) LIMIT 1 [ RunTime:0.087170s ]
[ sql ] [ SQL ] SELECT COUNT(*) AS tp_count FROM `d_order` WHERE  ( `start_time` > 1569859200 AND `start_time` < 1572451200 ) LIMIT 1 [ RunTime:0.087121s ]
[ sql ] [ SQL ] SELECT COUNT(*) AS tp_count FROM `d_order` WHERE  ( `start_time` > 1567267200 AND `start_time` < 1569772800 ) LIMIT 1 [ RunTime:0.087802s ]
[ sql ] [ SQL ] SELECT COUNT(*) AS tp_count FROM `d_order` WHERE  ( `start_time` > 1564588800 AND `start_time` < 1567180800 ) LIMIT 1 [ RunTime:0.087783s ]
[ sql ] [ SQL ] SELECT COUNT(*) AS tp_count FROM `d_order` WHERE  ( `start_time` > 1561910400 AND `start_time` < 1564502400 ) LIMIT 1 [ RunTime:0.087476s ]
[ sql ] [ SQL ] SELECT COUNT(*) AS tp_count FROM `d_order` WHERE  ( `start_time` > 1559318400 AND `start_time` < 1561824000 ) LIMIT 1 [ RunTime:0.087019s ]
[ sql ] [ SQL ] SELECT COUNT(*) AS tp_count FROM `d_order` WHERE  ( `start_time` > 1556640000 AND `start_time` < 1559232000 ) LIMIT 1 [ RunTime:0.087221s ]
[ sql ] [ SQL ] SELECT COUNT(*) AS tp_count FROM `d_order` WHERE  ( `start_time` > 1554048000 AND `start_time` < 1556553600 ) LIMIT 1 [ RunTime:0.087053s ]
[ sql ] [ SQL ] SELECT COUNT(*) AS tp_count FROM `d_order` WHERE  ( `start_time` > 1551369600 AND `start_time` < 1553961600 ) LIMIT 1 [ RunTime:0.086976s ]
[ sql ] [ SQL ] SELECT COUNT(*) AS tp_count FROM `d_order` WHERE  ( `start_time` > 1548950400 AND `start_time` < 1551283200 ) LIMIT 1 [ RunTime:0.086911s ]
[ sql ] [ SQL ] SELECT COUNT(*) AS tp_count FROM `d_order` WHERE  ( `start_time` > 1546272000 AND `start_time` < 1548864000 ) LIMIT 1 [ RunTime:0.088028s ]
[ sql ] [ SQL ] SELECT COUNT(*) AS tp_count FROM `d_user` WHERE  `id_card` IS NULL LIMIT 1 [ RunTime:0.087169s ]
[ sql ] [ SQL ] SELECT COUNT(*) AS tp_count FROM `d_user` WHERE  `is_phone` = 2 LIMIT 1 [ RunTime:0.087525s ]
[ sql ] [ SQL ] SELECT COUNT(*) AS tp_count FROM `d_user` WHERE  `wechat_open_id` <> '0' LIMIT 1 [ RunTime:0.086738s ]
[ sql ] [ SQL ] SELECT COUNT(*) AS tp_count FROM `d_user` LIMIT 1 [ RunTime:0.087312s ]
[ sql ] [ SQL ] SHOW COLUMNS FROM `d_card` [ RunTime:0.088139s ]
[ sql ] [ SQL ] SELECT COUNT(*) AS tp_count FROM `d_card` WHERE  `end_time` < 1577785681  AND `is_expired` = 0 LIMIT 1 [ RunTime:0.087116s ]
[ sql ] [ SQL ] SHOW COLUMNS FROM `d_deposit_order` [ RunTime:0.087821s ]
[ sql ] [ SQL ] SELECT COUNT(*) AS tp_count FROM `d_deposit_order` WHERE  `pay_time` BETWEEN 1577721600 AND 1577807999 LIMIT 1 [ RunTime:0.087336s ]
[ sql ] [ SQL ] SHOW COLUMNS FROM `d_recharge` [ RunTime:0.088537s ]
[ sql ] [ SQL ] SELECT SUM(pay_price) AS tp_sum FROM `d_recharge` WHERE  `time` BETWEEN 1577721600 AND 1577807999 LIMIT 1 [ RunTime:0.087265s ]
[ sql ] [ SQL ] SHOW COLUMNS FROM `d_card_order` [ RunTime:0.088860s ]
[ sql ] [ SQL ] SELECT SUM(money) AS tp_sum FROM `d_card_order` WHERE  `pay_time` BETWEEN 1577721600 AND 1577807999 LIMIT 1 [ RunTime:0.087182s ]
[ sql ] [ SQL ] SHOW COLUMNS FROM `d_arrears` [ RunTime:0.088303s ]
[ sql ] [ SQL ] SELECT SUM(money) AS tp_sum FROM `d_arrears` WHERE  `money` BETWEEN 1577721600 AND 1577807999 LIMIT 1 [ RunTime:0.087121s ]
[ sql ] [ SQL ] SELECT COUNT(*) AS tp_count FROM `d_order` WHERE  `pay_price` > 0 LIMIT 1 [ RunTime:0.087031s ]
[ sql ] [ SQL ] SELECT COUNT(*) AS tp_count FROM `d_order` WHERE  `pay_price` <= 0 LIMIT 1 [ RunTime:0.086904s ]
[ sql ] [ SQL ] SELECT COUNT(*) AS tp_count FROM `d_order` LIMIT 1 [ RunTime:0.087109s ]
[ sql ] [ SQL ] SELECT COUNT(*) AS tp_count FROM `d_car` LIMIT 1 [ RunTime:0.087770s ]
[ sql ] [ SQL ] SELECT COUNT(*) AS tp_count FROM `d_car` LIMIT 1 [ RunTime:0.089565s ]
[ sql ] [ SQL ] SELECT COUNT(*) AS tp_count FROM `d_car` WHERE  `is_login` = 1 LIMIT 1 [ RunTime:0.086768s ]
[ sql ] [ SQL ] SELECT COUNT(*) AS tp_count FROM `d_car` WHERE  `type` = 6 LIMIT 1 [ RunTime:0.087162s ]
[ sql ] [ SQL ] SELECT COUNT(*) AS tp_count FROM `d_car` WHERE  `is_login` = 1  AND ( `precipitation_time` >= 360 AND `precipitation_time` < 720 ) LIMIT 1 [ RunTime:0.087140s ]
[ sql ] [ SQL ] SELECT COUNT(*) AS tp_count FROM `d_car` WHERE  `is_login` = 1  AND `precipitation_time` >= 720 LIMIT 1 [ RunTime:0.087273s ]
[ sql ] [ SQL ] SELECT COUNT(*) AS tp_count FROM `d_car` WHERE  `is_login` = 1  AND `electricity` < 20 LIMIT 1 [ RunTime:0.086963s ]
[ sql ] [ SQL ] SELECT COUNT(*) AS tp_count FROM `d_car` WHERE  `is_login` = 1  AND `electricity` < 40 LIMIT 1 [ RunTime:0.087234s ]
